The system is: Linux - 4.10.0-38-generic - x86_64
Compiling the C compiler identification source file "CMakeCCompilerId.c" succeeded.
Compiler: /usr/bin/cc 
Build flags: 
Id flags: 

The output was:
0


Compilation of the C compiler identification source "CMakeCCompilerId.c" produced "a.out"

The C compiler identification is GNU, found in "/home/korivi/model_car/ecl_lib/build/CMakeFiles/3.5.1/CompilerIdC/a.out"

Compiling the CXX compiler identification source file "CMakeCXXCompilerId.cpp" succeeded.
Compiler: /usr/bin/c++ 
Build flags: 
Id flags: 

The output was:
0


Compilation of the CXX compiler identification source "CMakeCXXCompilerId.cpp" produced "a.out"

The CXX compiler identification is GNU, found in "/home/korivi/model_car/ecl_lib/build/CMakeFiles/3.5.1/CompilerIdCXX/a.out"

Determining if the C compiler works passed with the following output:
Change Dir: /home/korivi/model_car/ecl_lib/build/CMakeFiles/CMakeTmp

Run Build Command:"/usr/bin/make" "cmTC_cd7e7/fast"
/usr/bin/make -f CMakeFiles/cmTC_cd7e7.dir/build.make CMakeFiles/cmTC_cd7e7.dir/build
make[1]: Entering directory '/home/korivi/model_car/ecl_lib/build/CMakeFiles/CMakeTmp'
Building C object CMakeFiles/cmTC_cd7e7.dir/testCCompiler.c.o
/usr/bin/cc     -o CMakeFiles/cmTC_cd7e7.dir/testCCompiler.c.o   -c /home/korivi/model_car/ecl_lib/build/CMakeFiles/CMakeTmp/testCCompiler.c
Linking C executable cmTC_cd7e7
/usr/bin/cmake -E cmake_link_script CMakeFiles/cmTC_cd7e7.dir/link.txt --verbose=1
/usr/bin/cc       CMakeFiles/cmTC_cd7e7.dir/testCCompiler.c.o  -o cmTC_cd7e7 -rdynamic 
make[1]: Leaving directory '/home/korivi/model_car/ecl_lib/build/CMakeFiles/CMakeTmp'


Detecting C compiler ABI info compiled with the following output:
Change Dir: /home/korivi/model_car/ecl_lib/build/CMakeFiles/CMakeTmp

Run Build Command:"/usr/bin/make" "cmTC_2c63a/fast"
/usr/bin/make -f CMakeFiles/cmTC_2c63a.dir/build.make CMakeFiles/cmTC_2c63a.dir/build
make[1]: Entering directory '/home/korivi/model_car/ecl_lib/build/CMakeFiles/CMakeTmp'
Building C object CMakeFiles/cmTC_2c63a.dir/CMakeCCompilerABI.c.o
/usr/bin/cc     -o CMakeFiles/cmTC_2c63a.dir/CMakeCCompilerABI.c.o   -c /usr/share/cmake-3.5/Modules/CMakeCCompilerABI.c
Linking C executable cmTC_2c63a
/usr/bin/cmake -E cmake_link_script CMakeFiles/cmTC_2c63a.dir/link.txt --verbose=1
/usr/bin/cc      -v CMakeFiles/cmTC_2c63a.dir/CMakeCCompilerABI.c.o  -o cmTC_2c63a -rdynamic  
Using built-in specs.
COLLECT_GCC=/usr/bin/cc
COLLECT_LTO_WRAPPER=/usr/lib/gcc/x86_64-linux-gnu/5/lto-wrapper
Target: x86_64-linux-gnu
Configured with: ../src/configure -v --with-pkgversion='Ubuntu 5.4.0-6ubuntu1~16.04.5' --with-bugurl=file:///usr/share/doc/gcc-5/README.Bugs --enable-languages=c,ada,c++,java,go,d,fortran,objc,obj-c++ --prefix=/usr --program-suffix=-5 --enable-shared --enable-linker-build-id --libexecdir=/usr/lib --without-included-gettext --enable-threads=posix --libdir=/usr/lib --enable-nls --with-sysroot=/ --enable-clocale=gnu --enable-libstdcxx-debug --enable-libstdcxx-time=yes --with-default-libstdcxx-abi=new --enable-gnu-unique-object --disable-vtable-verify --enable-libmpx --enable-plugin --with-system-zlib --disable-browser-plugin --enable-java-awt=gtk --enable-gtk-cairo --with-java-home=/usr/lib/jvm/java-1.5.0-gcj-5-amd64/jre --enable-java-home --with-jvm-root-dir=/usr/lib/jvm/java-1.5.0-gcj-5-amd64 --with-jvm-jar-dir=/usr/lib/jvm-exports/java-1.5.0-gcj-5-amd64 --with-arch-directory=amd64 --with-ecj-jar=/usr/share/java/eclipse-ecj.jar --enable-objc-gc --enable-multiarch --disable-werror --with-arch-32=i686 --with-abi=m64 --with-multilib-list=m32,m64,mx32 --enable-multilib --with-tune=generic --enable-checking=release --build=x86_64-linux-gnu --host=x86_64-linux-gnu --target=x86_64-linux-gnu
Thread model: posix
gcc version 5.4.0 20160609 (Ubuntu 5.4.0-6ubuntu1~16.04.5) 
COMPILER_PATH=/usr/lib/gcc/x86_64-linux-gnu/5/:/usr/lib/gcc/x86_64-linux-gnu/5/:/usr/lib/gcc/x86_64-linux-gnu/:/usr/lib/gcc/x86_64-linux-gnu/5/:/usr/lib/gcc/x86_64-linux-gnu/
LIBRARY_PATH=/usr/lib/gcc/x86_64-linux-gnu/5/:/usr/lib/gcc/x86_64-linux-gnu/5/../../../x86_64-linux-gnu/:/usr/lib/gcc/x86_64-linux-gnu/5/../../../../lib/:/lib/x86_64-linux-gnu/:/lib/../lib/:/usr/lib/x86_64-linux-gnu/:/usr/lib/../lib/:/usr/lib/gcc/x86_64-linux-gnu/5/../../../:/lib/:/usr/lib/
COLLECT_GCC_OPTIONS='-v' '-o' 'cmTC_2c63a' '-rdynamic' '-mtune=generic' '-march=x86-64'
 /usr/lib/gcc/x86_64-linux-gnu/5/collect2 -plugin /usr/lib/gcc/x86_64-linux-gnu/5/liblto_plugin.so -plugin-opt=/usr/lib/gcc/x86_64-linux-gnu/5/lto-wrapper -plugin-opt=-fresolution=/tmp/cciRQVBM.res -plugin-opt=-pass-through=-lgcc -plugin-opt=-pass-through=-lgcc_s -plugin-opt=-pass-through=-lc -plugin-opt=-pass-through=-lgcc -plugin-opt=-pass-through=-lgcc_s --sysroot=/ --build-id --eh-frame-hdr -m elf_x86_64 --hash-style=gnu --as-needed -export-dynamic -dynamic-linker /lib64/ld-linux-x86-64.so.2 -z relro -o cmTC_2c63a /usr/lib/gcc/x86_64-linux-gnu/5/../../../x86_64-linux-gnu/crt1.o /usr/lib/gcc/x86_64-linux-gnu/5/../../../x86_64-linux-gnu/crti.o /usr/lib/gcc/x86_64-linux-gnu/5/crtbegin.o -L/usr/lib/gcc/x86_64-linux-gnu/5 -L/usr/lib/gcc/x86_64-linux-gnu/5/../../../x86_64-linux-gnu -L/usr/lib/gcc/x86_64-linux-gnu/5/../../../../lib -L/lib/x86_64-linux-gnu -L/lib/../lib -L/usr/lib/x86_64-linux-gnu -L/usr/lib/../lib -L/usr/lib/gcc/x86_64-linux-gnu/5/../../.. CMakeFiles/cmTC_2c63a.dir/CMakeCCompilerABI.c.o -lgcc --as-needed -lgcc_s --no-as-needed -lc -lgcc --as-needed -lgcc_s --no-as-needed /usr/lib/gcc/x86_64-linux-gnu/5/crtend.o /usr/lib/gcc/x86_64-linux-gnu/5/../../../x86_64-linux-gnu/crtn.o
make[1]: Leaving directory '/home/korivi/model_car/ecl_lib/build/CMakeFiles/CMakeTmp'


Parsed C implicit link information from above output:
  link line regex: [^( *|.*[/\])(ld|([^/\]+-)?ld|collect2)[^/\]*( |$)]
  ignore line: [Change Dir: /home/korivi/model_car/ecl_lib/build/CMakeFiles/CMakeTmp]
  ignore line: []
  ignore line: [Run Build Command:"/usr/bin/make" "cmTC_2c63a/fast"]
  ignore line: [/usr/bin/make -f CMakeFiles/cmTC_2c63a.dir/build.make CMakeFiles/cmTC_2c63a.dir/build]
  ignore line: [make[1]: Entering directory '/home/korivi/model_car/ecl_lib/build/CMakeFiles/CMakeTmp']
  ignore line: [Building C object CMakeFiles/cmTC_2c63a.dir/CMakeCCompilerABI.c.o]
  ignore line: [/usr/bin/cc     -o CMakeFiles/cmTC_2c63a.dir/CMakeCCompilerABI.c.o   -c /usr/share/cmake-3.5/Modules/CMakeCCompilerABI.c]
  ignore line: [Linking C executable cmTC_2c63a]
  ignore line: [/usr/bin/cmake -E cmake_link_script CMakeFiles/cmTC_2c63a.dir/link.txt --verbose=1]
  ignore line: [/usr/bin/cc      -v CMakeFiles/cmTC_2c63a.dir/CMakeCCompilerABI.c.o  -o cmTC_2c63a -rdynamic  ]
  ignore line: [Using built-in specs.]
  ignore line: [COLLECT_GCC=/usr/bin/cc]
  ignore line: [COLLECT_LTO_WRAPPER=/usr/lib/gcc/x86_64-linux-gnu/5/lto-wrapper]
  ignore line: [Target: x86_64-linux-gnu]
  ignore line: [Configured with: ../src/configure -v --with-pkgversion='Ubuntu 5.4.0-6ubuntu1~16.04.5' --with-bugurl=file:///usr/share/doc/gcc-5/README.Bugs --enable-languages=c,ada,c++,java,go,d,fortran,objc,obj-c++ --prefix=/usr --program-suffix=-5 --enable-shared --enable-linker-build-id --libexecdir=/usr/lib --without-included-gettext --enable-threads=posix --libdir=/usr/lib --enable-nls --with-sysroot=/ --enable-clocale=gnu --enable-libstdcxx-debug --enable-libstdcxx-time=yes --with-default-libstdcxx-abi=new --enable-gnu-unique-object --disable-vtable-verify --enable-libmpx --enable-plugin --with-system-zlib --disable-browser-plugin --enable-java-awt=gtk --enable-gtk-cairo --with-java-home=/usr/lib/jvm/java-1.5.0-gcj-5-amd64/jre --enable-java-home --with-jvm-root-dir=/usr/lib/jvm/java-1.5.0-gcj-5-amd64 --with-jvm-jar-dir=/usr/lib/jvm-exports/java-1.5.0-gcj-5-amd64 --with-arch-directory=amd64 --with-ecj-jar=/usr/share/java/eclipse-ecj.jar --enable-objc-gc --enable-multiarch --disable-werror --with-arch-32=i686 --with-abi=m64 --with-multilib-list=m32,m64,mx32 --enable-multilib --with-tune=generic --enable-checking=release --build=x86_64-linux-gnu --host=x86_64-linux-gnu --target=x86_64-linux-gnu]
  ignore line: [Thread model: posix]
  ignore line: [gcc version 5.4.0 20160609 (Ubuntu 5.4.0-6ubuntu1~16.04.5) ]
  ignore line: [COMPILER_PATH=/usr/lib/gcc/x86_64-linux-gnu/5/:/usr/lib/gcc/x86_64-linux-gnu/5/:/usr/lib/gcc/x86_64-linux-gnu/:/usr/lib/gcc/x86_64-linux-gnu/5/:/usr/lib/gcc/x86_64-linux-gnu/]
  ignore line: [LIBRARY_PATH=/usr/lib/gcc/x86_64-linux-gnu/5/:/usr/lib/gcc/x86_64-linux-gnu/5/../../../x86_64-linux-gnu/:/usr/lib/gcc/x86_64-linux-gnu/5/../../../../lib/:/lib/x86_64-linux-gnu/:/lib/../lib/:/usr/lib/x86_64-linux-gnu/:/usr/lib/../lib/:/usr/lib/gcc/x86_64-linux-gnu/5/../../../:/lib/:/usr/lib/]
  ignore line: [COLLECT_GCC_OPTIONS='-v' '-o' 'cmTC_2c63a' '-rdynamic' '-mtune=generic' '-march=x86-64']
  link line: [ /usr/lib/gcc/x86_64-linux-gnu/5/collect2 -plugin /usr/lib/gcc/x86_64-linux-gnu/5/liblto_plugin.so -plugin-opt=/usr/lib/gcc/x86_64-linux-gnu/5/lto-wrapper -plugin-opt=-fresolution=/tmp/cciRQVBM.res -plugin-opt=-pass-through=-lgcc -plugin-opt=-pass-through=-lgcc_s -plugin-opt=-pass-through=-lc -plugin-opt=-pass-through=-lgcc -plugin-opt=-pass-through=-lgcc_s --sysroot=/ --build-id --eh-frame-hdr -m elf_x86_64 --hash-style=gnu --as-needed -export-dynamic -dynamic-linker /lib64/ld-linux-x86-64.so.2 -z relro -o cmTC_2c63a /usr/lib/gcc/x86_64-linux-gnu/5/../../../x86_64-linux-gnu/crt1.o /usr/lib/gcc/x86_64-linux-gnu/5/../../../x86_64-linux-gnu/crti.o /usr/lib/gcc/x86_64-linux-gnu/5/crtbegin.o -L/usr/lib/gcc/x86_64-linux-gnu/5 -L/usr/lib/gcc/x86_64-linux-gnu/5/../../../x86_64-linux-gnu -L/usr/lib/gcc/x86_64-linux-gnu/5/../../../../lib -L/lib/x86_64-linux-gnu -L/lib/../lib -L/usr/lib/x86_64-linux-gnu -L/usr/lib/../lib -L/usr/lib/gcc/x86_64-linux-gnu/5/../../.. CMakeFiles/cmTC_2c63a.dir/CMakeCCompilerABI.c.o -lgcc --as-needed -lgcc_s --no-as-needed -lc -lgcc --as-needed -lgcc_s --no-as-needed /usr/lib/gcc/x86_64-linux-gnu/5/crtend.o /usr/lib/gcc/x86_64-linux-gnu/5/../../../x86_64-linux-gnu/crtn.o]
    arg [/usr/lib/gcc/x86_64-linux-gnu/5/collect2] ==> ignore
    arg [-plugin] ==> ignore
    arg [/usr/lib/gcc/x86_64-linux-gnu/5/liblto_plugin.so] ==> ignore
    arg [-plugin-opt=/usr/lib/gcc/x86_64-linux-gnu/5/lto-wrapper] ==> ignore
    arg [-plugin-opt=-fresolution=/tmp/cciRQVBM.res] ==> ignore
    arg [-plugin-opt=-pass-through=-lgcc] ==> ignore
    arg [-plugin-opt=-pass-through=-lgcc_s] ==> ignore
    arg [-plugin-opt=-pass-through=-lc] ==> ignore
    arg [-plugin-opt=-pass-through=-lgcc] ==> ignore
    arg [-plugin-opt=-pass-through=-lgcc_s] ==> ignore
    arg [--sysroot=/] ==> ignore
    arg [--build-id] ==> ignore
    arg [--eh-frame-hdr] ==> ignore
    arg [-m] ==> ignore
    arg [elf_x86_64] ==> ignore
    arg [--hash-style=gnu] ==> ignore
    arg [--as-needed] ==> ignore
    arg [-export-dynamic] ==> ignore
    arg [-dynamic-linker] ==> ignore
    arg [/lib64/ld-linux-x86-64.so.2] ==> ignore
    arg [-zrelro] ==> ignore
    arg [-o] ==> ignore
    arg [cmTC_2c63a] ==> ignore
    arg [/usr/lib/gcc/x86_64-linux-gnu/5/../../../x86_64-linux-gnu/crt1.o] ==> ignore
    arg [/usr/lib/gcc/x86_64-linux-gnu/5/../../../x86_64-linux-gnu/crti.o] ==> ignore
    arg [/usr/lib/gcc/x86_64-linux-gnu/5/crtbegin.o] ==> ignore
    arg [-L/usr/lib/gcc/x86_64-linux-gnu/5] ==> dir [/usr/lib/gcc/x86_64-linux-gnu/5]
    arg [-L/usr/lib/gcc/x86_64-linux-gnu/5/../../../x86_64-linux-gnu] ==> dir [/usr/lib/gcc/x86_64-linux-gnu/5/../../../x86_64-linux-gnu]
    arg [-L/usr/lib/gcc/x86_64-linux-gnu/5/../../../../lib] ==> dir [/usr/lib/gcc/x86_64-linux-gnu/5/../../../../lib]
    arg [-L/lib/x86_64-linux-gnu] ==> dir [/lib/x86_64-linux-gnu]
    arg [-L/lib/../lib] ==> dir [/lib/../lib]
    arg [-L/usr/lib/x86_64-linux-gnu] ==> dir [/usr/lib/x86_64-linux-gnu]
    arg [-L/usr/lib/../lib] ==> dir [/usr/lib/../lib]
    arg [-L/usr/lib/gcc/x86_64-linux-gnu/5/../../..] ==> dir [/usr/lib/gcc/x86_64-linux-gnu/5/../../..]
    arg [CMakeFiles/cmTC_2c63a.dir/CMakeCCompilerABI.c.o] ==> ignore
    arg [-lgcc] ==> lib [gcc]
    arg [--as-needed] ==> ignore
    arg [-lgcc_s] ==> lib [gcc_s]
    arg [--no-as-needed] ==> ignore
    arg [-lc] ==> lib [c]
    arg [-lgcc] ==> lib [gcc]
    arg [--as-needed] ==> ignore
    arg [-lgcc_s] ==> lib [gcc_s]
    arg [--no-as-needed] ==> ignore
    arg [/usr/lib/gcc/x86_64-linux-gnu/5/crtend.o] ==> ignore
    arg [/usr/lib/gcc/x86_64-linux-gnu/5/../../../x86_64-linux-gnu/crtn.o] ==> ignore
  remove lib [gcc]
  remove lib [gcc_s]
  remove lib [gcc]
  remove lib [gcc_s]
  collapse library dir [/usr/lib/gcc/x86_64-linux-gnu/5] ==> [/usr/lib/gcc/x86_64-linux-gnu/5]
  collapse library dir [/usr/lib/gcc/x86_64-linux-gnu/5/../../../x86_64-linux-gnu] ==> [/usr/lib/x86_64-linux-gnu]
  collapse library dir [/usr/lib/gcc/x86_64-linux-gnu/5/../../../../lib] ==> [/usr/lib]
  collapse library dir [/lib/x86_64-linux-gnu] ==> [/lib/x86_64-linux-gnu]
  collapse library dir [/lib/../lib] ==> [/lib]
  collapse library dir [/usr/lib/x86_64-linux-gnu] ==> [/usr/lib/x86_64-linux-gnu]
  collapse library dir [/usr/lib/../lib] ==> [/usr/lib]
  collapse library dir [/usr/lib/gcc/x86_64-linux-gnu/5/../../..] ==> [/usr/lib]
  implicit libs: [c]
  implicit dirs: [/usr/lib/gcc/x86_64-linux-gnu/5;/usr/lib/x86_64-linux-gnu;/usr/lib;/lib/x86_64-linux-gnu;/lib]
  implicit fwks: []




Detecting C [-std=c11] compiler features compiled with the following output:
Change Dir: /home/korivi/model_car/ecl_lib/build/CMakeFiles/CMakeTmp

Run Build Command:"/usr/bin/make" "cmTC_c3f34/fast"
/usr/bin/make -f CMakeFiles/cmTC_c3f34.dir/build.make CMakeFiles/cmTC_c3f34.dir/build
make[1]: Entering directory '/home/korivi/model_car/ecl_lib/build/CMakeFiles/CMakeTmp'
Building C object CMakeFiles/cmTC_c3f34.dir/feature_tests.c.o
/usr/bin/cc    -std=c11 -o CMakeFiles/cmTC_c3f34.dir/feature_tests.c.o   -c /home/korivi/model_car/ecl_lib/build/CMakeFiles/feature_tests.c
Linking C executable cmTC_c3f34
/usr/bin/cmake -E cmake_link_script CMakeFiles/cmTC_c3f34.dir/link.txt --verbose=1
/usr/bin/cc       CMakeFiles/cmTC_c3f34.dir/feature_tests.c.o  -o cmTC_c3f34 -rdynamic 
make[1]: Leaving directory '/home/korivi/model_car/ecl_lib/build/CMakeFiles/CMakeTmp'


    Feature record: C_FEATURE:1c_function_prototypes
    Feature record: C_FEATURE:1c_restrict
    Feature record: C_FEATURE:1c_static_assert
    Feature record: C_FEATURE:1c_variadic_macros


Detecting C [-std=c99] compiler features compiled with the following output:
Change Dir: /home/korivi/model_car/ecl_lib/build/CMakeFiles/CMakeTmp

Run Build Command:"/usr/bin/make" "cmTC_81137/fast"
/usr/bin/make -f CMakeFiles/cmTC_81137.dir/build.make CMakeFiles/cmTC_81137.dir/build
make[1]: Entering directory '/home/korivi/model_car/ecl_lib/build/CMakeFiles/CMakeTmp'
Building C object CMakeFiles/cmTC_81137.dir/feature_tests.c.o
/usr/bin/cc    -std=c99 -o CMakeFiles/cmTC_81137.dir/feature_tests.c.o   -c /home/korivi/model_car/ecl_lib/build/CMakeFiles/feature_tests.c
Linking C executable cmTC_81137
/usr/bin/cmake -E cmake_link_script CMakeFiles/cmTC_81137.dir/link.txt --verbose=1
/usr/bin/cc       CMakeFiles/cmTC_81137.dir/feature_tests.c.o  -o cmTC_81137 -rdynamic 
make[1]: Leaving directory '/home/korivi/model_car/ecl_lib/build/CMakeFiles/CMakeTmp'


    Feature record: C_FEATURE:1c_function_prototypes
    Feature record: C_FEATURE:1c_restrict
    Feature record: C_FEATURE:0c_static_assert
    Feature record: C_FEATURE:1c_variadic_macros


Detecting C [-std=c90] compiler features compiled with the following output:
Change Dir: /home/korivi/model_car/ecl_lib/build/CMakeFiles/CMakeTmp

Run Build Command:"/usr/bin/make" "cmTC_82193/fast"
/usr/bin/make -f CMakeFiles/cmTC_82193.dir/build.make CMakeFiles/cmTC_82193.dir/build
make[1]: Entering directory '/home/korivi/model_car/ecl_lib/build/CMakeFiles/CMakeTmp'
Building C object CMakeFiles/cmTC_82193.dir/feature_tests.c.o
/usr/bin/cc    -std=c90 -o CMakeFiles/cmTC_82193.dir/feature_tests.c.o   -c /home/korivi/model_car/ecl_lib/build/CMakeFiles/feature_tests.c
Linking C executable cmTC_82193
/usr/bin/cmake -E cmake_link_script CMakeFiles/cmTC_82193.dir/link.txt --verbose=1
/usr/bin/cc       CMakeFiles/cmTC_82193.dir/feature_tests.c.o  -o cmTC_82193 -rdynamic 
make[1]: Leaving directory '/home/korivi/model_car/ecl_lib/build/CMakeFiles/CMakeTmp'


    Feature record: C_FEATURE:1c_function_prototypes
    Feature record: C_FEATURE:0c_restrict
    Feature record: C_FEATURE:0c_static_assert
    Feature record: C_FEATURE:0c_variadic_macros
Determining if the CXX compiler works passed with the following output:
Change Dir: /home/korivi/model_car/ecl_lib/build/CMakeFiles/CMakeTmp

Run Build Command:"/usr/bin/make" "cmTC_6c408/fast"
/usr/bin/make -f CMakeFiles/cmTC_6c408.dir/build.make CMakeFiles/cmTC_6c408.dir/build
make[1]: Entering directory '/home/korivi/model_car/ecl_lib/build/CMakeFiles/CMakeTmp'
Building CXX object CMakeFiles/cmTC_6c408.dir/testCXXCompiler.cxx.o
/usr/bin/c++      -o CMakeFiles/cmTC_6c408.dir/testCXXCompiler.cxx.o -c /home/korivi/model_car/ecl_lib/build/CMakeFiles/CMakeTmp/testCXXCompiler.cxx
Linking CXX executable cmTC_6c408
/usr/bin/cmake -E cmake_link_script CMakeFiles/cmTC_6c408.dir/link.txt --verbose=1
/usr/bin/c++        CMakeFiles/cmTC_6c408.dir/testCXXCompiler.cxx.o  -o cmTC_6c408 -rdynamic 
make[1]: Leaving directory '/home/korivi/model_car/ecl_lib/build/CMakeFiles/CMakeTmp'


Detecting CXX compiler ABI info compiled with the following output:
Change Dir: /home/korivi/model_car/ecl_lib/build/CMakeFiles/CMakeTmp

Run Build Command:"/usr/bin/make" "cmTC_79109/fast"
/usr/bin/make -f CMakeFiles/cmTC_79109.dir/build.make CMakeFiles/cmTC_79109.dir/build
make[1]: Entering directory '/home/korivi/model_car/ecl_lib/build/CMakeFiles/CMakeTmp'
Building CXX object CMakeFiles/cmTC_79109.dir/CMakeCXXCompilerABI.cpp.o
/usr/bin/c++      -o CMakeFiles/cmTC_79109.dir/CMakeCXXCompilerABI.cpp.o -c /usr/share/cmake-3.5/Modules/CMakeCXXCompilerABI.cpp
Linking CXX executable cmTC_79109
/usr/bin/cmake -E cmake_link_script CMakeFiles/cmTC_79109.dir/link.txt --verbose=1
/usr/bin/c++       -v CMakeFiles/cmTC_79109.dir/CMakeCXXCompilerABI.cpp.o  -o cmTC_79109 -rdynamic  
Using built-in specs.
COLLECT_GCC=/usr/bin/c++
COLLECT_LTO_WRAPPER=/usr/lib/gcc/x86_64-linux-gnu/5/lto-wrapper
Target: x86_64-linux-gnu
Configured with: ../src/configure -v --with-pkgversion='Ubuntu 5.4.0-6ubuntu1~16.04.5' --with-bugurl=file:///usr/share/doc/gcc-5/README.Bugs --enable-languages=c,ada,c++,java,go,d,fortran,objc,obj-c++ --prefix=/usr --program-suffix=-5 --enable-shared --enable-linker-build-id --libexecdir=/usr/lib --without-included-gettext --enable-threads=posix --libdir=/usr/lib --enable-nls --with-sysroot=/ --enable-clocale=gnu --enable-libstdcxx-debug --enable-libstdcxx-time=yes --with-default-libstdcxx-abi=new --enable-gnu-unique-object --disable-vtable-verify --enable-libmpx --enable-plugin --with-system-zlib --disable-browser-plugin --enable-java-awt=gtk --enable-gtk-cairo --with-java-home=/usr/lib/jvm/java-1.5.0-gcj-5-amd64/jre --enable-java-home --with-jvm-root-dir=/usr/lib/jvm/java-1.5.0-gcj-5-amd64 --with-jvm-jar-dir=/usr/lib/jvm-exports/java-1.5.0-gcj-5-amd64 --with-arch-directory=amd64 --with-ecj-jar=/usr/share/java/eclipse-ecj.jar --enable-objc-gc --enable-multiarch --disable-werror --with-arch-32=i686 --with-abi=m64 --with-multilib-list=m32,m64,mx32 --enable-multilib --with-tune=generic --enable-checking=release --build=x86_64-linux-gnu --host=x86_64-linux-gnu --target=x86_64-linux-gnu
Thread model: posix
gcc version 5.4.0 20160609 (Ubuntu 5.4.0-6ubuntu1~16.04.5) 
COMPILER_PATH=/usr/lib/gcc/x86_64-linux-gnu/5/:/usr/lib/gcc/x86_64-linux-gnu/5/:/usr/lib/gcc/x86_64-linux-gnu/:/usr/lib/gcc/x86_64-linux-gnu/5/:/usr/lib/gcc/x86_64-linux-gnu/
LIBRARY_PATH=/usr/lib/gcc/x86_64-linux-gnu/5/:/usr/lib/gcc/x86_64-linux-gnu/5/../../../x86_64-linux-gnu/:/usr/lib/gcc/x86_64-linux-gnu/5/../../../../lib/:/lib/x86_64-linux-gnu/:/lib/../lib/:/usr/lib/x86_64-linux-gnu/:/usr/lib/../lib/:/usr/lib/gcc/x86_64-linux-gnu/5/../../../:/lib/:/usr/lib/
COLLECT_GCC_OPTIONS='-v' '-o' 'cmTC_79109' '-rdynamic' '-shared-libgcc' '-mtune=generic' '-march=x86-64'
 /usr/lib/gcc/x86_64-linux-gnu/5/collect2 -plugin /usr/lib/gcc/x86_64-linux-gnu/5/liblto_plugin.so -plugin-opt=/usr/lib/gcc/x86_64-linux-gnu/5/lto-wrapper -plugin-opt=-fresolution=/tmp/ccdNoJfi.res -plugin-opt=-pass-through=-lgcc_s -plugin-opt=-pass-through=-lgcc -plugin-opt=-pass-through=-lc -plugin-opt=-pass-through=-lgcc_s -plugin-opt=-pass-through=-lgcc --sysroot=/ --build-id --eh-frame-hdr -m elf_x86_64 --hash-style=gnu --as-needed -export-dynamic -dynamic-linker /lib64/ld-linux-x86-64.so.2 -z relro -o cmTC_79109 /usr/lib/gcc/x86_64-linux-gnu/5/../../../x86_64-linux-gnu/crt1.o /usr/lib/gcc/x86_64-linux-gnu/5/../../../x86_64-linux-gnu/crti.o /usr/lib/gcc/x86_64-linux-gnu/5/crtbegin.o -L/usr/lib/gcc/x86_64-linux-gnu/5 -L/usr/lib/gcc/x86_64-linux-gnu/5/../../../x86_64-linux-gnu -L/usr/lib/gcc/x86_64-linux-gnu/5/../../../../lib -L/lib/x86_64-linux-gnu -L/lib/../lib -L/usr/lib/x86_64-linux-gnu -L/usr/lib/../lib -L/usr/lib/gcc/x86_64-linux-gnu/5/../../.. CMakeFiles/cmTC_79109.dir/CMakeCXXCompilerABI.cpp.o -lstdc++ -lm -lgcc_s -lgcc -lc -lgcc_s -lgcc /usr/lib/gcc/x86_64-linux-gnu/5/crtend.o /usr/lib/gcc/x86_64-linux-gnu/5/../../../x86_64-linux-gnu/crtn.o
make[1]: Leaving directory '/home/korivi/model_car/ecl_lib/build/CMakeFiles/CMakeTmp'


Parsed CXX implicit link information from above output:
  link line regex: [^( *|.*[/\])(ld|([^/\]+-)?ld|collect2)[^/\]*( |$)]
  ignore line: [Change Dir: /home/korivi/model_car/ecl_lib/build/CMakeFiles/CMakeTmp]
  ignore line: []
  ignore line: [Run Build Command:"/usr/bin/make" "cmTC_79109/fast"]
  ignore line: [/usr/bin/make -f CMakeFiles/cmTC_79109.dir/build.make CMakeFiles/cmTC_79109.dir/build]
  ignore line: [make[1]: Entering directory '/home/korivi/model_car/ecl_lib/build/CMakeFiles/CMakeTmp']
  ignore line: [Building CXX object CMakeFiles/cmTC_79109.dir/CMakeCXXCompilerABI.cpp.o]
  ignore line: [/usr/bin/c++      -o CMakeFiles/cmTC_79109.dir/CMakeCXXCompilerABI.cpp.o -c /usr/share/cmake-3.5/Modules/CMakeCXXCompilerABI.cpp]
  ignore line: [Linking CXX executable cmTC_79109]
  ignore line: [/usr/bin/cmake -E cmake_link_script CMakeFiles/cmTC_79109.dir/link.txt --verbose=1]
  ignore line: [/usr/bin/c++       -v CMakeFiles/cmTC_79109.dir/CMakeCXXCompilerABI.cpp.o  -o cmTC_79109 -rdynamic  ]
  ignore line: [Using built-in specs.]
  ignore line: [COLLECT_GCC=/usr/bin/c++]
  ignore line: [COLLECT_LTO_WRAPPER=/usr/lib/gcc/x86_64-linux-gnu/5/lto-wrapper]
  ignore line: [Target: x86_64-linux-gnu]
  ignore line: [Configured with: ../src/configure -v --with-pkgversion='Ubuntu 5.4.0-6ubuntu1~16.04.5' --with-bugurl=file:///usr/share/doc/gcc-5/README.Bugs --enable-languages=c,ada,c++,java,go,d,fortran,objc,obj-c++ --prefix=/usr --program-suffix=-5 --enable-shared --enable-linker-build-id --libexecdir=/usr/lib --without-included-gettext --enable-threads=posix --libdir=/usr/lib --enable-nls --with-sysroot=/ --enable-clocale=gnu --enable-libstdcxx-debug --enable-libstdcxx-time=yes --with-default-libstdcxx-abi=new --enable-gnu-unique-object --disable-vtable-verify --enable-libmpx --enable-plugin --with-system-zlib --disable-browser-plugin --enable-java-awt=gtk --enable-gtk-cairo --with-java-home=/usr/lib/jvm/java-1.5.0-gcj-5-amd64/jre --enable-java-home --with-jvm-root-dir=/usr/lib/jvm/java-1.5.0-gcj-5-amd64 --with-jvm-jar-dir=/usr/lib/jvm-exports/java-1.5.0-gcj-5-amd64 --with-arch-directory=amd64 --with-ecj-jar=/usr/share/java/eclipse-ecj.jar --enable-objc-gc --enable-multiarch --disable-werror --with-arch-32=i686 --with-abi=m64 --with-multilib-list=m32,m64,mx32 --enable-multilib --with-tune=generic --enable-checking=release --build=x86_64-linux-gnu --host=x86_64-linux-gnu --target=x86_64-linux-gnu]
  ignore line: [Thread model: posix]
  ignore line: [gcc version 5.4.0 20160609 (Ubuntu 5.4.0-6ubuntu1~16.04.5) ]
  ignore line: [COMPILER_PATH=/usr/lib/gcc/x86_64-linux-gnu/5/:/usr/lib/gcc/x86_64-linux-gnu/5/:/usr/lib/gcc/x86_64-linux-gnu/:/usr/lib/gcc/x86_64-linux-gnu/5/:/usr/lib/gcc/x86_64-linux-gnu/]
  ignore line: [LIBRARY_PATH=/usr/lib/gcc/x86_64-linux-gnu/5/:/usr/lib/gcc/x86_64-linux-gnu/5/../../../x86_64-linux-gnu/:/usr/lib/gcc/x86_64-linux-gnu/5/../../../../lib/:/lib/x86_64-linux-gnu/:/lib/../lib/:/usr/lib/x86_64-linux-gnu/:/usr/lib/../lib/:/usr/lib/gcc/x86_64-linux-gnu/5/../../../:/lib/:/usr/lib/]
  ignore line: [COLLECT_GCC_OPTIONS='-v' '-o' 'cmTC_79109' '-rdynamic' '-shared-libgcc' '-mtune=generic' '-march=x86-64']
  link line: [ /usr/lib/gcc/x86_64-linux-gnu/5/collect2 -plugin /usr/lib/gcc/x86_64-linux-gnu/5/liblto_plugin.so -plugin-opt=/usr/lib/gcc/x86_64-linux-gnu/5/lto-wrapper -plugin-opt=-fresolution=/tmp/ccdNoJfi.res -plugin-opt=-pass-through=-lgcc_s -plugin-opt=-pass-through=-lgcc -plugin-opt=-pass-through=-lc -plugin-opt=-pass-through=-lgcc_s -plugin-opt=-pass-through=-lgcc --sysroot=/ --build-id --eh-frame-hdr -m elf_x86_64 --hash-style=gnu --as-needed -export-dynamic -dynamic-linker /lib64/ld-linux-x86-64.so.2 -z relro -o cmTC_79109 /usr/lib/gcc/x86_64-linux-gnu/5/../../../x86_64-linux-gnu/crt1.o /usr/lib/gcc/x86_64-linux-gnu/5/../../../x86_64-linux-gnu/crti.o /usr/lib/gcc/x86_64-linux-gnu/5/crtbegin.o -L/usr/lib/gcc/x86_64-linux-gnu/5 -L/usr/lib/gcc/x86_64-linux-gnu/5/../../../x86_64-linux-gnu -L/usr/lib/gcc/x86_64-linux-gnu/5/../../../../lib -L/lib/x86_64-linux-gnu -L/lib/../lib -L/usr/lib/x86_64-linux-gnu -L/usr/lib/../lib -L/usr/lib/gcc/x86_64-linux-gnu/5/../../.. CMakeFiles/cmTC_79109.dir/CMakeCXXCompilerABI.cpp.o -lstdc++ -lm -lgcc_s -lgcc -lc -lgcc_s -lgcc /usr/lib/gcc/x86_64-linux-gnu/5/crtend.o /usr/lib/gcc/x86_64-linux-gnu/5/../../../x86_64-linux-gnu/crtn.o]
    arg [/usr/lib/gcc/x86_64-linux-gnu/5/collect2] ==> ignore
    arg [-plugin] ==> ignore
    arg [/usr/lib/gcc/x86_64-linux-gnu/5/liblto_plugin.so] ==> ignore
    arg [-plugin-opt=/usr/lib/gcc/x86_64-linux-gnu/5/lto-wrapper] ==> ignore
    arg [-plugin-opt=-fresolution=/tmp/ccdNoJfi.res] ==> ignore
    arg [-plugin-opt=-pass-through=-lgcc_s] ==> ignore
    arg [-plugin-opt=-pass-through=-lgcc] ==> ignore
    arg [-plugin-opt=-pass-through=-lc] ==> ignore
    arg [-plugin-opt=-pass-through=-lgcc_s] ==> ignore
    arg [-plugin-opt=-pass-through=-lgcc] ==> ignore
    arg [--sysroot=/] ==> ignore
    arg [--build-id] ==> ignore
    arg [--eh-frame-hdr] ==> ignore
    arg [-m] ==> ignore
    arg [elf_x86_64] ==> ignore
    arg [--hash-style=gnu] ==> ignore
    arg [--as-needed] ==> ignore
    arg [-export-dynamic] ==> ignore
    arg [-dynamic-linker] ==> ignore
    arg [/lib64/ld-linux-x86-64.so.2] ==> ignore
    arg [-zrelro] ==> ignore
    arg [-o] ==> ignore
    arg [cmTC_79109] ==> ignore
    arg [/usr/lib/gcc/x86_64-linux-gnu/5/../../../x86_64-linux-gnu/crt1.o] ==> ignore
    arg [/usr/lib/gcc/x86_64-linux-gnu/5/../../../x86_64-linux-gnu/crti.o] ==> ignore
    arg [/usr/lib/gcc/x86_64-linux-gnu/5/crtbegin.o] ==> ignore
    arg [-L/usr/lib/gcc/x86_64-linux-gnu/5] ==> dir [/usr/lib/gcc/x86_64-linux-gnu/5]
    arg [-L/usr/lib/gcc/x86_64-linux-gnu/5/../../../x86_64-linux-gnu] ==> dir [/usr/lib/gcc/x86_64-linux-gnu/5/../../../x86_64-linux-gnu]
    arg [-L/usr/lib/gcc/x86_64-linux-gnu/5/../../../../lib] ==> dir [/usr/lib/gcc/x86_64-linux-gnu/5/../../../../lib]
    arg [-L/lib/x86_64-linux-gnu] ==> dir [/lib/x86_64-linux-gnu]
    arg [-L/lib/../lib] ==> dir [/lib/../lib]
    arg [-L/usr/lib/x86_64-linux-gnu] ==> dir [/usr/lib/x86_64-linux-gnu]
    arg [-L/usr/lib/../lib] ==> dir [/usr/lib/../lib]
    arg [-L/usr/lib/gcc/x86_64-linux-gnu/5/../../..] ==> dir [/usr/lib/gcc/x86_64-linux-gnu/5/../../..]
    arg [CMakeFiles/cmTC_79109.dir/CMakeCXXCompilerABI.cpp.o] ==> ignore
    arg [-lstdc++] ==> lib [stdc++]
    arg [-lm] ==> lib [m]
    arg [-lgcc_s] ==> lib [gcc_s]
    arg [-lgcc] ==> lib [gcc]
    arg [-lc] ==> lib [c]
    arg [-lgcc_s] ==> lib [gcc_s]
    arg [-lgcc] ==> lib [gcc]
    arg [/usr/lib/gcc/x86_64-linux-gnu/5/crtend.o] ==> ignore
    arg [/usr/lib/gcc/x86_64-linux-gnu/5/../../../x86_64-linux-gnu/crtn.o] ==> ignore
  remove lib [gcc_s]
  remove lib [gcc]
  remove lib [gcc_s]
  remove lib [gcc]
  collapse library dir [/usr/lib/gcc/x86_64-linux-gnu/5] ==> [/usr/lib/gcc/x86_64-linux-gnu/5]
  collapse library dir [/usr/lib/gcc/x86_64-linux-gnu/5/../../../x86_64-linux-gnu] ==> [/usr/lib/x86_64-linux-gnu]
  collapse library dir [/usr/lib/gcc/x86_64-linux-gnu/5/../../../../lib] ==> [/usr/lib]
  collapse library dir [/lib/x86_64-linux-gnu] ==> [/lib/x86_64-linux-gnu]
  collapse library dir [/lib/../lib] ==> [/lib]
  collapse library dir [/usr/lib/x86_64-linux-gnu] ==> [/usr/lib/x86_64-linux-gnu]
  collapse library dir [/usr/lib/../lib] ==> [/usr/lib]
  collapse library dir [/usr/lib/gcc/x86_64-linux-gnu/5/../../..] ==> [/usr/lib]
  implicit libs: [stdc++;m;c]
  implicit dirs: [/usr/lib/gcc/x86_64-linux-gnu/5;/usr/lib/x86_64-linux-gnu;/usr/lib;/lib/x86_64-linux-gnu;/lib]
  implicit fwks: []




Detecting CXX [-std=c++14] compiler features compiled with the following output:
Change Dir: /home/korivi/model_car/ecl_lib/build/CMakeFiles/CMakeTmp

Run Build Command:"/usr/bin/make" "cmTC_dd584/fast"
/usr/bin/make -f CMakeFiles/cmTC_dd584.dir/build.make CMakeFiles/cmTC_dd584.dir/build
make[1]: Entering directory '/home/korivi/model_car/ecl_lib/build/CMakeFiles/CMakeTmp'
Building CXX object CMakeFiles/cmTC_dd584.dir/feature_tests.cxx.o
/usr/bin/c++     -std=c++14 -o CMakeFiles/cmTC_dd584.dir/feature_tests.cxx.o -c /home/korivi/model_car/ecl_lib/build/CMakeFiles/feature_tests.cxx
Linking CXX executable cmTC_dd584
/usr/bin/cmake -E cmake_link_script CMakeFiles/cmTC_dd584.dir/link.txt --verbose=1
/usr/bin/c++        CMakeFiles/cmTC_dd584.dir/feature_tests.cxx.o  -o cmTC_dd584 -rdynamic 
make[1]: Leaving directory '/home/korivi/model_car/ecl_lib/build/CMakeFiles/CMakeTmp'


    Feature record: CXX_FEATURE:1cxx_aggregate_default_initializers
    Feature record: CXX_FEATURE:1cxx_alias_templates
    Feature record: CXX_FEATURE:1cxx_alignas
    Feature record: CXX_FEATURE:1cxx_alignof
    Feature record: CXX_FEATURE:1cxx_attributes
    Feature record: CXX_FEATURE:1cxx_attribute_deprecated
    Feature record: CXX_FEATURE:1cxx_auto_type
    Feature record: CXX_FEATURE:1cxx_binary_literals
    Feature record: CXX_FEATURE:1cxx_constexpr
    Feature record: CXX_FEATURE:1cxx_contextual_conversions
    Feature record: CXX_FEATURE:1cxx_decltype
    Feature record: CXX_FEATURE:1cxx_decltype_auto
    Feature record: CXX_FEATURE:1cxx_decltype_incomplete_return_types
    Feature record: CXX_FEATURE:1cxx_default_function_template_args
    Feature record: CXX_FEATURE:1cxx_defaulted_functions
    Feature record: CXX_FEATURE:1cxx_defaulted_move_initializers
    Feature record: CXX_FEATURE:1cxx_delegating_constructors
    Feature record: CXX_FEATURE:1cxx_deleted_functions
    Feature record: CXX_FEATURE:1cxx_digit_separators
    Feature record: CXX_FEATURE:1cxx_enum_forward_declarations
    Feature record: CXX_FEATURE:1cxx_explicit_conversions
    Feature record: CXX_FEATURE:1cxx_extended_friend_declarations
    Feature record: CXX_FEATURE:1cxx_extern_templates
    Feature record: CXX_FEATURE:1cxx_final
    Feature record: CXX_FEATURE:1cxx_func_identifier
    Feature record: CXX_FEATURE:1cxx_generalized_initializers
    Feature record: CXX_FEATURE:1cxx_generic_lambdas
    Feature record: CXX_FEATURE:1cxx_inheriting_constructors
    Feature record: CXX_FEATURE:1cxx_inline_namespaces
    Feature record: CXX_FEATURE:1cxx_lambdas
    Feature record: CXX_FEATURE:1cxx_lambda_init_captures
    Feature record: CXX_FEATURE:1cxx_local_type_template_args
    Feature record: CXX_FEATURE:1cxx_long_long_type
    Feature record: CXX_FEATURE:1cxx_noexcept
    Feature record: CXX_FEATURE:1cxx_nonstatic_member_init
    Feature record: CXX_FEATURE:1cxx_nullptr
    Feature record: CXX_FEATURE:1cxx_override
    Feature record: CXX_FEATURE:1cxx_range_for
    Feature record: CXX_FEATURE:1cxx_raw_string_literals
    Feature record: CXX_FEATURE:1cxx_reference_qualified_functions
    Feature record: CXX_FEATURE:1cxx_relaxed_constexpr
    Feature record: CXX_FEATURE:1cxx_return_type_deduction
    Feature record: CXX_FEATURE:1cxx_right_angle_brackets
    Feature record: CXX_FEATURE:1cxx_rvalue_references
    Feature record: CXX_FEATURE:1cxx_sizeof_member
    Feature record: CXX_FEATURE:1cxx_static_assert
    Feature record: CXX_FEATURE:1cxx_strong_enums
    Feature record: CXX_FEATURE:1cxx_template_template_parameters
    Feature record: CXX_FEATURE:1cxx_thread_local
    Feature record: CXX_FEATURE:1cxx_trailing_return_types
    Feature record: CXX_FEATURE:1cxx_unicode_literals
    Feature record: CXX_FEATURE:1cxx_uniform_initialization
    Feature record: CXX_FEATURE:1cxx_unrestricted_unions
    Feature record: CXX_FEATURE:1cxx_user_literals
    Feature record: CXX_FEATURE:1cxx_variable_templates
    Feature record: CXX_FEATURE:1cxx_variadic_macros
    Feature record: CXX_FEATURE:1cxx_variadic_templates


Detecting CXX [-std=c++11] compiler features compiled with the following output:
Change Dir: /home/korivi/model_car/ecl_lib/build/CMakeFiles/CMakeTmp

Run Build Command:"/usr/bin/make" "cmTC_2c1ec/fast"
/usr/bin/make -f CMakeFiles/cmTC_2c1ec.dir/build.make CMakeFiles/cmTC_2c1ec.dir/build
make[1]: Entering directory '/home/korivi/model_car/ecl_lib/build/CMakeFiles/CMakeTmp'
Building CXX object CMakeFiles/cmTC_2c1ec.dir/feature_tests.cxx.o
/usr/bin/c++     -std=c++11 -o CMakeFiles/cmTC_2c1ec.dir/feature_tests.cxx.o -c /home/korivi/model_car/ecl_lib/build/CMakeFiles/feature_tests.cxx
Linking CXX executable cmTC_2c1ec
/usr/bin/cmake -E cmake_link_script CMakeFiles/cmTC_2c1ec.dir/link.txt --verbose=1
/usr/bin/c++        CMakeFiles/cmTC_2c1ec.dir/feature_tests.cxx.o  -o cmTC_2c1ec -rdynamic 
make[1]: Leaving directory '/home/korivi/model_car/ecl_lib/build/CMakeFiles/CMakeTmp'


    Feature record: CXX_FEATURE:0cxx_aggregate_default_initializers
    Feature record: CXX_FEATURE:1cxx_alias_templates
    Feature record: CXX_FEATURE:1cxx_alignas
    Feature record: CXX_FEATURE:1cxx_alignof
    Feature record: CXX_FEATURE:1cxx_attributes
    Feature record: CXX_FEATURE:0cxx_attribute_deprecated
    Feature record: CXX_FEATURE:1cxx_auto_type
    Feature record: CXX_FEATURE:0cxx_binary_literals
    Feature record: CXX_FEATURE:1cxx_constexpr
    Feature record: CXX_FEATURE:0cxx_contextual_conversions
    Feature record: CXX_FEATURE:1cxx_decltype
    Feature record: CXX_FEATURE:0cxx_decltype_auto
    Feature record: CXX_FEATURE:1cxx_decltype_incomplete_return_types
    Feature record: CXX_FEATURE:1cxx_default_function_template_args
    Feature record: CXX_FEATURE:1cxx_defaulted_functions
    Feature record: CXX_FEATURE:1cxx_defaulted_move_initializers
    Feature record: CXX_FEATURE:1cxx_delegating_constructors
    Feature record: CXX_FEATURE:1cxx_deleted_functions
    Feature record: CXX_FEATURE:0cxx_digit_separators
    Feature record: CXX_FEATURE:1cxx_enum_forward_declarations
    Feature record: CXX_FEATURE:1cxx_explicit_conversions
    Feature record: CXX_FEATURE:1cxx_extended_friend_declarations
    Feature record: CXX_FEATURE:1cxx_extern_templates
    Feature record: CXX_FEATURE:1cxx_final
    Feature record: CXX_FEATURE:1cxx_func_identifier
    Feature record: CXX_FEATURE:1cxx_generalized_initializers
    Feature record: CXX_FEATURE:0cxx_generic_lambdas
    Feature record: CXX_FEATURE:1cxx_inheriting_constructors
    Feature record: CXX_FEATURE:1cxx_inline_namespaces
    Feature record: CXX_FEATURE:1cxx_lambdas
    Feature record: CXX_FEATURE:0cxx_lambda_init_captures
    Feature record: CXX_FEATURE:1cxx_local_type_template_args
    Feature record: CXX_FEATURE:1cxx_long_long_type
    Feature record: CXX_FEATURE:1cxx_noexcept
    Feature record: CXX_FEATURE:1cxx_nonstatic_member_init
    Feature record: CXX_FEATURE:1cxx_nullptr
    Feature record: CXX_FEATURE:1cxx_override
    Feature record: CXX_FEATURE:1cxx_range_for
    Feature record: CXX_FEATURE:1cxx_raw_string_literals
    Feature record: CXX_FEATURE:1cxx_reference_qualified_functions
    Feature record: CXX_FEATURE:0cxx_relaxed_constexpr
    Feature record: CXX_FEATURE:0cxx_return_type_deduction
    Feature record: CXX_FEATURE:1cxx_right_angle_brackets
    Feature record: CXX_FEATURE:1cxx_rvalue_references
    Feature record: CXX_FEATURE:1cxx_sizeof_member
    Feature record: CXX_FEATURE:1cxx_static_assert
    Feature record: CXX_FEATURE:1cxx_strong_enums
    Feature record: CXX_FEATURE:1cxx_template_template_parameters
    Feature record: CXX_FEATURE:1cxx_thread_local
    Feature record: CXX_FEATURE:1cxx_trailing_return_types
    Feature record: CXX_FEATURE:1cxx_unicode_literals
    Feature record: CXX_FEATURE:1cxx_uniform_initialization
    Feature record: CXX_FEATURE:1cxx_unrestricted_unions
    Feature record: CXX_FEATURE:1cxx_user_literals
    Feature record: CXX_FEATURE:0cxx_variable_templates
    Feature record: CXX_FEATURE:1cxx_variadic_macros
    Feature record: CXX_FEATURE:1cxx_variadic_templates


Detecting CXX [-std=c++98] compiler features compiled with the following output:
Change Dir: /home/korivi/model_car/ecl_lib/build/CMakeFiles/CMakeTmp

Run Build Command:"/usr/bin/make" "cmTC_45e9d/fast"
/usr/bin/make -f CMakeFiles/cmTC_45e9d.dir/build.make CMakeFiles/cmTC_45e9d.dir/build
make[1]: Entering directory '/home/korivi/model_car/ecl_lib/build/CMakeFiles/CMakeTmp'
Building CXX object CMakeFiles/cmTC_45e9d.dir/feature_tests.cxx.o
/usr/bin/c++     -std=c++98 -o CMakeFiles/cmTC_45e9d.dir/feature_tests.cxx.o -c /home/korivi/model_car/ecl_lib/build/CMakeFiles/feature_tests.cxx
Linking CXX executable cmTC_45e9d
/usr/bin/cmake -E cmake_link_script CMakeFiles/cmTC_45e9d.dir/link.txt --verbose=1
/usr/bin/c++        CMakeFiles/cmTC_45e9d.dir/feature_tests.cxx.o  -o cmTC_45e9d -rdynamic 
make[1]: Leaving directory '/home/korivi/model_car/ecl_lib/build/CMakeFiles/CMakeTmp'


    Feature record: CXX_FEATURE:0cxx_aggregate_default_initializers
    Feature record: CXX_FEATURE:0cxx_alias_templates
    Feature record: CXX_FEATURE:0cxx_alignas
    Feature record: CXX_FEATURE:0cxx_alignof
    Feature record: CXX_FEATURE:0cxx_attributes
    Feature record: CXX_FEATURE:0cxx_attribute_deprecated
    Feature record: CXX_FEATURE:0cxx_auto_type
    Feature record: CXX_FEATURE:0cxx_binary_literals
    Feature record: CXX_FEATURE:0cxx_constexpr
    Feature record: CXX_FEATURE:0cxx_contextual_conversions
    Feature record: CXX_FEATURE:0cxx_decltype
    Feature record: CXX_FEATURE:0cxx_decltype_auto
    Feature record: CXX_FEATURE:0cxx_decltype_incomplete_return_types
    Feature record: CXX_FEATURE:0cxx_default_function_template_args
    Feature record: CXX_FEATURE:0cxx_defaulted_functions
    Feature record: CXX_FEATURE:0cxx_defaulted_move_initializers
    Feature record: CXX_FEATURE:0cxx_delegating_constructors
    Feature record: CXX_FEATURE:0cxx_deleted_functions
    Feature record: CXX_FEATURE:0cxx_digit_separators
    Feature record: CXX_FEATURE:0cxx_enum_forward_declarations
    Feature record: CXX_FEATURE:0cxx_explicit_conversions
    Feature record: CXX_FEATURE:0cxx_extended_friend_declarations
    Feature record: CXX_FEATURE:0cxx_extern_templates
    Feature record: CXX_FEATURE:0cxx_final
    Feature record: CXX_FEATURE:0cxx_func_identifier
    Feature record: CXX_FEATURE:0cxx_generalized_initializers
    Feature record: CXX_FEATURE:0cxx_generic_lambdas
    Feature record: CXX_FEATURE:0cxx_inheriting_constructors
    Feature record: CXX_FEATURE:0cxx_inline_namespaces
    Feature record: CXX_FEATURE:0cxx_lambdas
    Feature record: CXX_FEATURE:0cxx_lambda_init_captures
    Feature record: CXX_FEATURE:0cxx_local_type_template_args
    Feature record: CXX_FEATURE:0cxx_long_long_type
    Feature record: CXX_FEATURE:0cxx_noexcept
    Feature record: CXX_FEATURE:0cxx_nonstatic_member_init
    Feature record: CXX_FEATURE:0cxx_nullptr
    Feature record: CXX_FEATURE:0cxx_override
    Feature record: CXX_FEATURE:0cxx_range_for
    Feature record: CXX_FEATURE:0cxx_raw_string_literals
    Feature record: CXX_FEATURE:0cxx_reference_qualified_functions
    Feature record: CXX_FEATURE:0cxx_relaxed_constexpr
    Feature record: CXX_FEATURE:0cxx_return_type_deduction
    Feature record: CXX_FEATURE:0cxx_right_angle_brackets
    Feature record: CXX_FEATURE:0cxx_rvalue_references
    Feature record: CXX_FEATURE:0cxx_sizeof_member
    Feature record: CXX_FEATURE:0cxx_static_assert
    Feature record: CXX_FEATURE:0cxx_strong_enums
    Feature record: CXX_FEATURE:1cxx_template_template_parameters
    Feature record: CXX_FEATURE:0cxx_thread_local
    Feature record: CXX_FEATURE:0cxx_trailing_return_types
    Feature record: CXX_FEATURE:0cxx_unicode_literals
    Feature record: CXX_FEATURE:0cxx_uniform_initialization
    Feature record: CXX_FEATURE:0cxx_unrestricted_unions
    Feature record: CXX_FEATURE:0cxx_user_literals
    Feature record: CXX_FEATURE:0cxx_variable_templates
    Feature record: CXX_FEATURE:0cxx_variadic_macros
    Feature record: CXX_FEATURE:0cxx_variadic_templates
Determining if the include file pthread.h exists passed with the following output:
Change Dir: /home/korivi/model_car/ecl_lib/build/CMakeFiles/CMakeTmp

Run Build Command:"/usr/bin/make" "cmTC_f0209/fast"
/usr/bin/make -f CMakeFiles/cmTC_f0209.dir/build.make CMakeFiles/cmTC_f0209.dir/build
make[1]: Entering directory '/home/korivi/model_car/ecl_lib/build/CMakeFiles/CMakeTmp'
Building C object CMakeFiles/cmTC_f0209.dir/CheckIncludeFile.c.o
/usr/bin/cc     -o CMakeFiles/cmTC_f0209.dir/CheckIncludeFile.c.o   -c /home/korivi/model_car/ecl_lib/build/CMakeFiles/CMakeTmp/CheckIncludeFile.c
Linking C executable cmTC_f0209
/usr/bin/cmake -E cmake_link_script CMakeFiles/cmTC_f0209.dir/link.txt --verbose=1
/usr/bin/cc       CMakeFiles/cmTC_f0209.dir/CheckIncludeFile.c.o  -o cmTC_f0209 -rdynamic 
make[1]: Leaving directory '/home/korivi/model_car/ecl_lib/build/CMakeFiles/CMakeTmp'


Determining if the function pthread_create exists in the pthread passed with the following output:
Change Dir: /home/korivi/model_car/ecl_lib/build/CMakeFiles/CMakeTmp

Run Build Command:"/usr/bin/make" "cmTC_06cc9/fast"
/usr/bin/make -f CMakeFiles/cmTC_06cc9.dir/build.make CMakeFiles/cmTC_06cc9.dir/build
make[1]: Entering directory '/home/korivi/model_car/ecl_lib/build/CMakeFiles/CMakeTmp'
Building C object CMakeFiles/cmTC_06cc9.dir/CheckFunctionExists.c.o
/usr/bin/cc    -DCHECK_FUNCTION_EXISTS=pthread_create   -o CMakeFiles/cmTC_06cc9.dir/CheckFunctionExists.c.o   -c /usr/share/cmake-3.5/Modules/CheckFunctionExists.c
Linking C executable cmTC_06cc9
/usr/bin/cmake -E cmake_link_script CMakeFiles/cmTC_06cc9.dir/link.txt --verbose=1
/usr/bin/cc   -DCHECK_FUNCTION_EXISTS=pthread_create    CMakeFiles/cmTC_06cc9.dir/CheckFunctionExists.c.o  -o cmTC_06cc9 -rdynamic -lpthread 
make[1]: Leaving directory '/home/korivi/model_car/ecl_lib/build/CMakeFiles/CMakeTmp'


Determining if the _POSIX_VERSION exist passed with the following output:
Change Dir: /home/korivi/model_car/ecl_lib/build/CMakeFiles/CMakeTmp

Run Build Command:"/usr/bin/make" "cmTC_496cd/fast"
/usr/bin/make -f CMakeFiles/cmTC_496cd.dir/build.make CMakeFiles/cmTC_496cd.dir/build
make[1]: Entering directory '/home/korivi/model_car/ecl_lib/build/CMakeFiles/CMakeTmp'
Building C object CMakeFiles/cmTC_496cd.dir/CheckSymbolExists.c.o
/usr/bin/cc     -o CMakeFiles/cmTC_496cd.dir/CheckSymbolExists.c.o   -c /home/korivi/model_car/ecl_lib/build/CMakeFiles/CMakeTmp/CheckSymbolExists.c
Linking C executable cmTC_496cd
/usr/bin/cmake -E cmake_link_script CMakeFiles/cmTC_496cd.dir/link.txt --verbose=1
/usr/bin/cc       CMakeFiles/cmTC_496cd.dir/CheckSymbolExists.c.o  -o cmTC_496cd -rdynamic 
make[1]: Leaving directory '/home/korivi/model_car/ecl_lib/build/CMakeFiles/CMakeTmp'

File /home/korivi/model_car/ecl_lib/build/CMakeFiles/CMakeTmp/CheckSymbolExists.c:
/* */
#include <unistd.h>

int main(int argc, char** argv)
{
  (void)argv;
#ifndef _POSIX_VERSION
  return ((int*)(&_POSIX_VERSION))[argc];
#else
  (void)argc;
  return 0;
#endif
}

Determining if the function realpath exists in the rt passed with the following output:
Change Dir: /home/korivi/model_car/ecl_lib/build/CMakeFiles/CMakeTmp

Run Build Command:"/usr/bin/make" "cmTC_b9ca5/fast"
/usr/bin/make -f CMakeFiles/cmTC_b9ca5.dir/build.make CMakeFiles/cmTC_b9ca5.dir/build
make[1]: Entering directory '/home/korivi/model_car/ecl_lib/build/CMakeFiles/CMakeTmp'
Building C object CMakeFiles/cmTC_b9ca5.dir/CheckFunctionExists.c.o
/usr/bin/cc    -DCHECK_FUNCTION_EXISTS=realpath   -o CMakeFiles/cmTC_b9ca5.dir/CheckFunctionExists.c.o   -c /usr/share/cmake-3.5/Modules/CheckFunctionExists.c
Linking C executable cmTC_b9ca5
/usr/bin/cmake -E cmake_link_script CMakeFiles/cmTC_b9ca5.dir/link.txt --verbose=1
/usr/bin/cc   -DCHECK_FUNCTION_EXISTS=realpath    CMakeFiles/cmTC_b9ca5.dir/CheckFunctionExists.c.o  -o cmTC_b9ca5 -rdynamic -lrt 
make[1]: Leaving directory '/home/korivi/model_car/ecl_lib/build/CMakeFiles/CMakeTmp'


Determining if the function clock_nanosleep exists in the rt passed with the following output:
Change Dir: /home/korivi/model_car/ecl_lib/build/CMakeFiles/CMakeTmp

Run Build Command:"/usr/bin/make" "cmTC_c474a/fast"
/usr/bin/make -f CMakeFiles/cmTC_c474a.dir/build.make CMakeFiles/cmTC_c474a.dir/build
make[1]: Entering directory '/home/korivi/model_car/ecl_lib/build/CMakeFiles/CMakeTmp'
Building C object CMakeFiles/cmTC_c474a.dir/CheckFunctionExists.c.o
/usr/bin/cc    -DCHECK_FUNCTION_EXISTS=clock_nanosleep   -o CMakeFiles/cmTC_c474a.dir/CheckFunctionExists.c.o   -c /usr/share/cmake-3.5/Modules/CheckFunctionExists.c
Linking C executable cmTC_c474a
/usr/bin/cmake -E cmake_link_script CMakeFiles/cmTC_c474a.dir/link.txt --verbose=1
/usr/bin/cc   -DCHECK_FUNCTION_EXISTS=clock_nanosleep    CMakeFiles/cmTC_c474a.dir/CheckFunctionExists.c.o  -o cmTC_c474a -rdynamic -lrt 
make[1]: Leaving directory '/home/korivi/model_car/ecl_lib/build/CMakeFiles/CMakeTmp'


Determining if the function clock_gettime exists in the rt passed with the following output:
Change Dir: /home/korivi/model_car/ecl_lib/build/CMakeFiles/CMakeTmp

Run Build Command:"/usr/bin/make" "cmTC_095f0/fast"
/usr/bin/make -f CMakeFiles/cmTC_095f0.dir/build.make CMakeFiles/cmTC_095f0.dir/build
make[1]: Entering directory '/home/korivi/model_car/ecl_lib/build/CMakeFiles/CMakeTmp'
Building C object CMakeFiles/cmTC_095f0.dir/CheckFunctionExists.c.o
/usr/bin/cc    -DCHECK_FUNCTION_EXISTS=clock_gettime   -o CMakeFiles/cmTC_095f0.dir/CheckFunctionExists.c.o   -c /usr/share/cmake-3.5/Modules/CheckFunctionExists.c
Linking C executable cmTC_095f0
/usr/bin/cmake -E cmake_link_script CMakeFiles/cmTC_095f0.dir/link.txt --verbose=1
/usr/bin/cc   -DCHECK_FUNCTION_EXISTS=clock_gettime    CMakeFiles/cmTC_095f0.dir/CheckFunctionExists.c.o  -o cmTC_095f0 -rdynamic -lrt 
make[1]: Leaving directory '/home/korivi/model_car/ecl_lib/build/CMakeFiles/CMakeTmp'


Determining if the function pthread_mutex_timedlock exists in the pthread passed with the following output:
Change Dir: /home/korivi/model_car/ecl_lib/build/CMakeFiles/CMakeTmp

Run Build Command:"/usr/bin/make" "cmTC_ec2ee/fast"
/usr/bin/make -f CMakeFiles/cmTC_ec2ee.dir/build.make CMakeFiles/cmTC_ec2ee.dir/build
make[1]: Entering directory '/home/korivi/model_car/ecl_lib/build/CMakeFiles/CMakeTmp'
Building C object CMakeFiles/cmTC_ec2ee.dir/CheckFunctionExists.c.o
/usr/bin/cc    -DCHECK_FUNCTION_EXISTS=pthread_mutex_timedlock   -o CMakeFiles/cmTC_ec2ee.dir/CheckFunctionExists.c.o   -c /usr/share/cmake-3.5/Modules/CheckFunctionExists.c
Linking C executable cmTC_ec2ee
/usr/bin/cmake -E cmake_link_script CMakeFiles/cmTC_ec2ee.dir/link.txt --verbose=1
/usr/bin/cc   -DCHECK_FUNCTION_EXISTS=pthread_mutex_timedlock    CMakeFiles/cmTC_ec2ee.dir/CheckFunctionExists.c.o  -o cmTC_ec2ee -rdynamic -lpthread 
make[1]: Leaving directory '/home/korivi/model_car/ecl_lib/build/CMakeFiles/CMakeTmp'


Determining if the function nanosleep exists in the pthread passed with the following output:
Change Dir: /home/korivi/model_car/ecl_lib/build/CMakeFiles/CMakeTmp

Run Build Command:"/usr/bin/make" "cmTC_9d3f2/fast"
/usr/bin/make -f CMakeFiles/cmTC_9d3f2.dir/build.make CMakeFiles/cmTC_9d3f2.dir/build
make[1]: Entering directory '/home/korivi/model_car/ecl_lib/build/CMakeFiles/CMakeTmp'
Building C object CMakeFiles/cmTC_9d3f2.dir/CheckFunctionExists.c.o
/usr/bin/cc    -DCHECK_FUNCTION_EXISTS=nanosleep   -o CMakeFiles/cmTC_9d3f2.dir/CheckFunctionExists.c.o   -c /usr/share/cmake-3.5/Modules/CheckFunctionExists.c
Linking C executable cmTC_9d3f2
/usr/bin/cmake -E cmake_link_script CMakeFiles/cmTC_9d3f2.dir/link.txt --verbose=1
/usr/bin/cc   -DCHECK_FUNCTION_EXISTS=nanosleep    CMakeFiles/cmTC_9d3f2.dir/CheckFunctionExists.c.o  -o cmTC_9d3f2 -rdynamic -lpthread 
make[1]: Leaving directory '/home/korivi/model_car/ecl_lib/build/CMakeFiles/CMakeTmp'


Determining if the function shm_open exists in the rt passed with the following output:
Change Dir: /home/korivi/model_car/ecl_lib/build/CMakeFiles/CMakeTmp

Run Build Command:"/usr/bin/make" "cmTC_24798/fast"
/usr/bin/make -f CMakeFiles/cmTC_24798.dir/build.make CMakeFiles/cmTC_24798.dir/build
make[1]: Entering directory '/home/korivi/model_car/ecl_lib/build/CMakeFiles/CMakeTmp'
Building C object CMakeFiles/cmTC_24798.dir/CheckFunctionExists.c.o
/usr/bin/cc    -DCHECK_FUNCTION_EXISTS=shm_open   -o CMakeFiles/cmTC_24798.dir/CheckFunctionExists.c.o   -c /usr/share/cmake-3.5/Modules/CheckFunctionExists.c
Linking C executable cmTC_24798
/usr/bin/cmake -E cmake_link_script CMakeFiles/cmTC_24798.dir/link.txt --verbose=1
/usr/bin/cc   -DCHECK_FUNCTION_EXISTS=shm_open    CMakeFiles/cmTC_24798.dir/CheckFunctionExists.c.o  -o cmTC_24798 -rdynamic -lrt 
make[1]: Leaving directory '/home/korivi/model_car/ecl_lib/build/CMakeFiles/CMakeTmp'


Determining if the function sched_setscheduler exists in the pthread passed with the following output:
Change Dir: /home/korivi/model_car/ecl_lib/build/CMakeFiles/CMakeTmp

Run Build Command:"/usr/bin/make" "cmTC_7936d/fast"
/usr/bin/make -f CMakeFiles/cmTC_7936d.dir/build.make CMakeFiles/cmTC_7936d.dir/build
make[1]: Entering directory '/home/korivi/model_car/ecl_lib/build/CMakeFiles/CMakeTmp'
Building C object CMakeFiles/cmTC_7936d.dir/CheckFunctionExists.c.o
/usr/bin/cc    -DCHECK_FUNCTION_EXISTS=sched_setscheduler   -o CMakeFiles/cmTC_7936d.dir/CheckFunctionExists.c.o   -c /usr/share/cmake-3.5/Modules/CheckFunctionExists.c
Linking C executable cmTC_7936d
/usr/bin/cmake -E cmake_link_script CMakeFiles/cmTC_7936d.dir/link.txt --verbose=1
/usr/bin/cc   -DCHECK_FUNCTION_EXISTS=sched_setscheduler    CMakeFiles/cmTC_7936d.dir/CheckFunctionExists.c.o  -o cmTC_7936d -rdynamic -lpthread 
make[1]: Leaving directory '/home/korivi/model_car/ecl_lib/build/CMakeFiles/CMakeTmp'


Determining if the function sem_timedwait exists in the pthread passed with the following output:
Change Dir: /home/korivi/model_car/ecl_lib/build/CMakeFiles/CMakeTmp

Run Build Command:"/usr/bin/make" "cmTC_33b12/fast"
/usr/bin/make -f CMakeFiles/cmTC_33b12.dir/build.make CMakeFiles/cmTC_33b12.dir/build
make[1]: Entering directory '/home/korivi/model_car/ecl_lib/build/CMakeFiles/CMakeTmp'
Building C object CMakeFiles/cmTC_33b12.dir/CheckFunctionExists.c.o
/usr/bin/cc    -DCHECK_FUNCTION_EXISTS=sem_timedwait   -o CMakeFiles/cmTC_33b12.dir/CheckFunctionExists.c.o   -c /usr/share/cmake-3.5/Modules/CheckFunctionExists.c
Linking C executable cmTC_33b12
/usr/bin/cmake -E cmake_link_script CMakeFiles/cmTC_33b12.dir/link.txt --verbose=1
/usr/bin/cc   -DCHECK_FUNCTION_EXISTS=sem_timedwait    CMakeFiles/cmTC_33b12.dir/CheckFunctionExists.c.o  -o cmTC_33b12 -rdynamic -lpthread 
make[1]: Leaving directory '/home/korivi/model_car/ecl_lib/build/CMakeFiles/CMakeTmp'


Determining if the function sem_init exists in the pthread passed with the following output:
Change Dir: /home/korivi/model_car/ecl_lib/build/CMakeFiles/CMakeTmp

Run Build Command:"/usr/bin/make" "cmTC_499bc/fast"
/usr/bin/make -f CMakeFiles/cmTC_499bc.dir/build.make CMakeFiles/cmTC_499bc.dir/build
make[1]: Entering directory '/home/korivi/model_car/ecl_lib/build/CMakeFiles/CMakeTmp'
Building C object CMakeFiles/cmTC_499bc.dir/CheckFunctionExists.c.o
/usr/bin/cc    -DCHECK_FUNCTION_EXISTS=sem_init   -o CMakeFiles/cmTC_499bc.dir/CheckFunctionExists.c.o   -c /usr/share/cmake-3.5/Modules/CheckFunctionExists.c
Linking C executable cmTC_499bc
/usr/bin/cmake -E cmake_link_script CMakeFiles/cmTC_499bc.dir/link.txt --verbose=1
/usr/bin/cc   -DCHECK_FUNCTION_EXISTS=sem_init    CMakeFiles/cmTC_499bc.dir/CheckFunctionExists.c.o  -o cmTC_499bc -rdynamic -lpthread 
make[1]: Leaving directory '/home/korivi/model_car/ecl_lib/build/CMakeFiles/CMakeTmp'


Determining if the CLOCK_MONOTONIC exist passed with the following output:
Change Dir: /home/korivi/model_car/ecl_lib/build/CMakeFiles/CMakeTmp

Run Build Command:"/usr/bin/make" "cmTC_6e7a3/fast"
/usr/bin/make -f CMakeFiles/cmTC_6e7a3.dir/build.make CMakeFiles/cmTC_6e7a3.dir/build
make[1]: Entering directory '/home/korivi/model_car/ecl_lib/build/CMakeFiles/CMakeTmp'
Building C object CMakeFiles/cmTC_6e7a3.dir/CheckSymbolExists.c.o
/usr/bin/cc     -o CMakeFiles/cmTC_6e7a3.dir/CheckSymbolExists.c.o   -c /home/korivi/model_car/ecl_lib/build/CMakeFiles/CMakeTmp/CheckSymbolExists.c
Linking C executable cmTC_6e7a3
/usr/bin/cmake -E cmake_link_script CMakeFiles/cmTC_6e7a3.dir/link.txt --verbose=1
/usr/bin/cc       CMakeFiles/cmTC_6e7a3.dir/CheckSymbolExists.c.o  -o cmTC_6e7a3 -rdynamic 
make[1]: Leaving directory '/home/korivi/model_car/ecl_lib/build/CMakeFiles/CMakeTmp'

File /home/korivi/model_car/ecl_lib/build/CMakeFiles/CMakeTmp/CheckSymbolExists.c:
/* */
#include <time.h>

int main(int argc, char** argv)
{
  (void)argv;
#ifndef CLOCK_MONOTONIC
  return ((int*)(&CLOCK_MONOTONIC))[argc];
#else
  (void)argc;
  return 0;
#endif
}

Determining if the CLOCK_PROCESS_CPUTIME_ID exist passed with the following output:
Change Dir: /home/korivi/model_car/ecl_lib/build/CMakeFiles/CMakeTmp

Run Build Command:"/usr/bin/make" "cmTC_10f15/fast"
/usr/bin/make -f CMakeFiles/cmTC_10f15.dir/build.make CMakeFiles/cmTC_10f15.dir/build
make[1]: Entering directory '/home/korivi/model_car/ecl_lib/build/CMakeFiles/CMakeTmp'
Building C object CMakeFiles/cmTC_10f15.dir/CheckSymbolExists.c.o
/usr/bin/cc     -o CMakeFiles/cmTC_10f15.dir/CheckSymbolExists.c.o   -c /home/korivi/model_car/ecl_lib/build/CMakeFiles/CMakeTmp/CheckSymbolExists.c
Linking C executable cmTC_10f15
/usr/bin/cmake -E cmake_link_script CMakeFiles/cmTC_10f15.dir/link.txt --verbose=1
/usr/bin/cc       CMakeFiles/cmTC_10f15.dir/CheckSymbolExists.c.o  -o cmTC_10f15 -rdynamic 
make[1]: Leaving directory '/home/korivi/model_car/ecl_lib/build/CMakeFiles/CMakeTmp'

File /home/korivi/model_car/ecl_lib/build/CMakeFiles/CMakeTmp/CheckSymbolExists.c:
/* */
#include <time.h>

int main(int argc, char** argv)
{
  (void)argv;
#ifndef CLOCK_PROCESS_CPUTIME_ID
  return ((int*)(&CLOCK_PROCESS_CPUTIME_ID))[argc];
#else
  (void)argc;
  return 0;
#endif
}

Determining if the include file sys/types.h exists passed with the following output:
Change Dir: /home/korivi/model_car/ecl_lib/build/CMakeFiles/CMakeTmp

Run Build Command:"/usr/bin/make" "cmTC_d478e/fast"
/usr/bin/make -f CMakeFiles/cmTC_d478e.dir/build.make CMakeFiles/cmTC_d478e.dir/build
make[1]: Entering directory '/home/korivi/model_car/ecl_lib/build/CMakeFiles/CMakeTmp'
Building C object CMakeFiles/cmTC_d478e.dir/CheckIncludeFile.c.o
/usr/bin/cc     -o CMakeFiles/cmTC_d478e.dir/CheckIncludeFile.c.o   -c /home/korivi/model_car/ecl_lib/build/CMakeFiles/CMakeTmp/CheckIncludeFile.c
Linking C executable cmTC_d478e
/usr/bin/cmake -E cmake_link_script CMakeFiles/cmTC_d478e.dir/link.txt --verbose=1
/usr/bin/cc       CMakeFiles/cmTC_d478e.dir/CheckIncludeFile.c.o  -o cmTC_d478e -rdynamic 
make[1]: Leaving directory '/home/korivi/model_car/ecl_lib/build/CMakeFiles/CMakeTmp'


Determining if the include file stdint.h exists passed with the following output:
Change Dir: /home/korivi/model_car/ecl_lib/build/CMakeFiles/CMakeTmp

Run Build Command:"/usr/bin/make" "cmTC_c5fae/fast"
/usr/bin/make -f CMakeFiles/cmTC_c5fae.dir/build.make CMakeFiles/cmTC_c5fae.dir/build
make[1]: Entering directory '/home/korivi/model_car/ecl_lib/build/CMakeFiles/CMakeTmp'
Building C object CMakeFiles/cmTC_c5fae.dir/CheckIncludeFile.c.o
/usr/bin/cc     -o CMakeFiles/cmTC_c5fae.dir/CheckIncludeFile.c.o   -c /home/korivi/model_car/ecl_lib/build/CMakeFiles/CMakeTmp/CheckIncludeFile.c
Linking C executable cmTC_c5fae
/usr/bin/cmake -E cmake_link_script CMakeFiles/cmTC_c5fae.dir/link.txt --verbose=1
/usr/bin/cc       CMakeFiles/cmTC_c5fae.dir/CheckIncludeFile.c.o  -o cmTC_c5fae -rdynamic 
make[1]: Leaving directory '/home/korivi/model_car/ecl_lib/build/CMakeFiles/CMakeTmp'


Determining if the include file stddef.h exists passed with the following output:
Change Dir: /home/korivi/model_car/ecl_lib/build/CMakeFiles/CMakeTmp

Run Build Command:"/usr/bin/make" "cmTC_39f41/fast"
/usr/bin/make -f CMakeFiles/cmTC_39f41.dir/build.make CMakeFiles/cmTC_39f41.dir/build
make[1]: Entering directory '/home/korivi/model_car/ecl_lib/build/CMakeFiles/CMakeTmp'
Building C object CMakeFiles/cmTC_39f41.dir/CheckIncludeFile.c.o
/usr/bin/cc     -o CMakeFiles/cmTC_39f41.dir/CheckIncludeFile.c.o   -c /home/korivi/model_car/ecl_lib/build/CMakeFiles/CMakeTmp/CheckIncludeFile.c
Linking C executable cmTC_39f41
/usr/bin/cmake -E cmake_link_script CMakeFiles/cmTC_39f41.dir/link.txt --verbose=1
/usr/bin/cc       CMakeFiles/cmTC_39f41.dir/CheckIncludeFile.c.o  -o cmTC_39f41 -rdynamic 
make[1]: Leaving directory '/home/korivi/model_car/ecl_lib/build/CMakeFiles/CMakeTmp'


Determining size of char passed with the following output:
Change Dir: /home/korivi/model_car/ecl_lib/build/CMakeFiles/CMakeTmp

Run Build Command:"/usr/bin/make" "cmTC_92489/fast"
/usr/bin/make -f CMakeFiles/cmTC_92489.dir/build.make CMakeFiles/cmTC_92489.dir/build
make[1]: Entering directory '/home/korivi/model_car/ecl_lib/build/CMakeFiles/CMakeTmp'
Building C object CMakeFiles/cmTC_92489.dir/PLATFORM_SIZE_OF_CHAR.c.o
/usr/bin/cc     -o CMakeFiles/cmTC_92489.dir/PLATFORM_SIZE_OF_CHAR.c.o   -c /home/korivi/model_car/ecl_lib/build/CMakeFiles/CheckTypeSize/PLATFORM_SIZE_OF_CHAR.c
Linking C executable cmTC_92489
/usr/bin/cmake -E cmake_link_script CMakeFiles/cmTC_92489.dir/link.txt --verbose=1
/usr/bin/cc       CMakeFiles/cmTC_92489.dir/PLATFORM_SIZE_OF_CHAR.c.o  -o cmTC_92489 -rdynamic 
make[1]: Leaving directory '/home/korivi/model_car/ecl_lib/build/CMakeFiles/CMakeTmp'


Determining size of short passed with the following output:
Change Dir: /home/korivi/model_car/ecl_lib/build/CMakeFiles/CMakeTmp

Run Build Command:"/usr/bin/make" "cmTC_de283/fast"
/usr/bin/make -f CMakeFiles/cmTC_de283.dir/build.make CMakeFiles/cmTC_de283.dir/build
make[1]: Entering directory '/home/korivi/model_car/ecl_lib/build/CMakeFiles/CMakeTmp'
Building C object CMakeFiles/cmTC_de283.dir/PLATFORM_SIZE_OF_SHORT.c.o
/usr/bin/cc     -o CMakeFiles/cmTC_de283.dir/PLATFORM_SIZE_OF_SHORT.c.o   -c /home/korivi/model_car/ecl_lib/build/CMakeFiles/CheckTypeSize/PLATFORM_SIZE_OF_SHORT.c
Linking C executable cmTC_de283
/usr/bin/cmake -E cmake_link_script CMakeFiles/cmTC_de283.dir/link.txt --verbose=1
/usr/bin/cc       CMakeFiles/cmTC_de283.dir/PLATFORM_SIZE_OF_SHORT.c.o  -o cmTC_de283 -rdynamic 
make[1]: Leaving directory '/home/korivi/model_car/ecl_lib/build/CMakeFiles/CMakeTmp'


Determining size of int passed with the following output:
Change Dir: /home/korivi/model_car/ecl_lib/build/CMakeFiles/CMakeTmp

Run Build Command:"/usr/bin/make" "cmTC_1b174/fast"
/usr/bin/make -f CMakeFiles/cmTC_1b174.dir/build.make CMakeFiles/cmTC_1b174.dir/build
make[1]: Entering directory '/home/korivi/model_car/ecl_lib/build/CMakeFiles/CMakeTmp'
Building C object CMakeFiles/cmTC_1b174.dir/PLATFORM_SIZE_OF_INT.c.o
/usr/bin/cc     -o CMakeFiles/cmTC_1b174.dir/PLATFORM_SIZE_OF_INT.c.o   -c /home/korivi/model_car/ecl_lib/build/CMakeFiles/CheckTypeSize/PLATFORM_SIZE_OF_INT.c
Linking C executable cmTC_1b174
/usr/bin/cmake -E cmake_link_script CMakeFiles/cmTC_1b174.dir/link.txt --verbose=1
/usr/bin/cc       CMakeFiles/cmTC_1b174.dir/PLATFORM_SIZE_OF_INT.c.o  -o cmTC_1b174 -rdynamic 
make[1]: Leaving directory '/home/korivi/model_car/ecl_lib/build/CMakeFiles/CMakeTmp'


Determining size of long passed with the following output:
Change Dir: /home/korivi/model_car/ecl_lib/build/CMakeFiles/CMakeTmp

Run Build Command:"/usr/bin/make" "cmTC_a1d97/fast"
/usr/bin/make -f CMakeFiles/cmTC_a1d97.dir/build.make CMakeFiles/cmTC_a1d97.dir/build
make[1]: Entering directory '/home/korivi/model_car/ecl_lib/build/CMakeFiles/CMakeTmp'
Building C object CMakeFiles/cmTC_a1d97.dir/PLATFORM_SIZE_OF_LONG.c.o
/usr/bin/cc     -o CMakeFiles/cmTC_a1d97.dir/PLATFORM_SIZE_OF_LONG.c.o   -c /home/korivi/model_car/ecl_lib/build/CMakeFiles/CheckTypeSize/PLATFORM_SIZE_OF_LONG.c
Linking C executable cmTC_a1d97
/usr/bin/cmake -E cmake_link_script CMakeFiles/cmTC_a1d97.dir/link.txt --verbose=1
/usr/bin/cc       CMakeFiles/cmTC_a1d97.dir/PLATFORM_SIZE_OF_LONG.c.o  -o cmTC_a1d97 -rdynamic 
make[1]: Leaving directory '/home/korivi/model_car/ecl_lib/build/CMakeFiles/CMakeTmp'


Determining size of long long passed with the following output:
Change Dir: /home/korivi/model_car/ecl_lib/build/CMakeFiles/CMakeTmp

Run Build Command:"/usr/bin/make" "cmTC_43ed1/fast"
/usr/bin/make -f CMakeFiles/cmTC_43ed1.dir/build.make CMakeFiles/cmTC_43ed1.dir/build
make[1]: Entering directory '/home/korivi/model_car/ecl_lib/build/CMakeFiles/CMakeTmp'
Building C object CMakeFiles/cmTC_43ed1.dir/PLATFORM_SIZE_OF_LONG_LONG.c.o
/usr/bin/cc     -o CMakeFiles/cmTC_43ed1.dir/PLATFORM_SIZE_OF_LONG_LONG.c.o   -c /home/korivi/model_car/ecl_lib/build/CMakeFiles/CheckTypeSize/PLATFORM_SIZE_OF_LONG_LONG.c
Linking C executable cmTC_43ed1
/usr/bin/cmake -E cmake_link_script CMakeFiles/cmTC_43ed1.dir/link.txt --verbose=1
/usr/bin/cc       CMakeFiles/cmTC_43ed1.dir/PLATFORM_SIZE_OF_LONG_LONG.c.o  -o cmTC_43ed1 -rdynamic 
make[1]: Leaving directory '/home/korivi/model_car/ecl_lib/build/CMakeFiles/CMakeTmp'


Determining size of float passed with the following output:
Change Dir: /home/korivi/model_car/ecl_lib/build/CMakeFiles/CMakeTmp

Run Build Command:"/usr/bin/make" "cmTC_84264/fast"
/usr/bin/make -f CMakeFiles/cmTC_84264.dir/build.make CMakeFiles/cmTC_84264.dir/build
make[1]: Entering directory '/home/korivi/model_car/ecl_lib/build/CMakeFiles/CMakeTmp'
Building C object CMakeFiles/cmTC_84264.dir/PLATFORM_SIZE_OF_FLOAT.c.o
/usr/bin/cc     -o CMakeFiles/cmTC_84264.dir/PLATFORM_SIZE_OF_FLOAT.c.o   -c /home/korivi/model_car/ecl_lib/build/CMakeFiles/CheckTypeSize/PLATFORM_SIZE_OF_FLOAT.c
Linking C executable cmTC_84264
/usr/bin/cmake -E cmake_link_script CMakeFiles/cmTC_84264.dir/link.txt --verbose=1
/usr/bin/cc       CMakeFiles/cmTC_84264.dir/PLATFORM_SIZE_OF_FLOAT.c.o  -o cmTC_84264 -rdynamic 
make[1]: Leaving directory '/home/korivi/model_car/ecl_lib/build/CMakeFiles/CMakeTmp'


Determining size of double passed with the following output:
Change Dir: /home/korivi/model_car/ecl_lib/build/CMakeFiles/CMakeTmp

Run Build Command:"/usr/bin/make" "cmTC_bf382/fast"
/usr/bin/make -f CMakeFiles/cmTC_bf382.dir/build.make CMakeFiles/cmTC_bf382.dir/build
make[1]: Entering directory '/home/korivi/model_car/ecl_lib/build/CMakeFiles/CMakeTmp'
Building C object CMakeFiles/cmTC_bf382.dir/PLATFORM_SIZE_OF_DOUBLE.c.o
/usr/bin/cc     -o CMakeFiles/cmTC_bf382.dir/PLATFORM_SIZE_OF_DOUBLE.c.o   -c /home/korivi/model_car/ecl_lib/build/CMakeFiles/CheckTypeSize/PLATFORM_SIZE_OF_DOUBLE.c
Linking C executable cmTC_bf382
/usr/bin/cmake -E cmake_link_script CMakeFiles/cmTC_bf382.dir/link.txt --verbose=1
/usr/bin/cc       CMakeFiles/cmTC_bf382.dir/PLATFORM_SIZE_OF_DOUBLE.c.o  -o cmTC_bf382 -rdynamic 
make[1]: Leaving directory '/home/korivi/model_car/ecl_lib/build/CMakeFiles/CMakeTmp'


Determining size of long double passed with the following output:
Change Dir: /home/korivi/model_car/ecl_lib/build/CMakeFiles/CMakeTmp

Run Build Command:"/usr/bin/make" "cmTC_5bac4/fast"
/usr/bin/make -f CMakeFiles/cmTC_5bac4.dir/build.make CMakeFiles/cmTC_5bac4.dir/build
make[1]: Entering directory '/home/korivi/model_car/ecl_lib/build/CMakeFiles/CMakeTmp'
Building C object CMakeFiles/cmTC_5bac4.dir/PLATFORM_SIZE_OF_LONG_DOUBLE.c.o
/usr/bin/cc     -o CMakeFiles/cmTC_5bac4.dir/PLATFORM_SIZE_OF_LONG_DOUBLE.c.o   -c /home/korivi/model_car/ecl_lib/build/CMakeFiles/CheckTypeSize/PLATFORM_SIZE_OF_LONG_DOUBLE.c
Linking C executable cmTC_5bac4
/usr/bin/cmake -E cmake_link_script CMakeFiles/cmTC_5bac4.dir/link.txt --verbose=1
/usr/bin/cc       CMakeFiles/cmTC_5bac4.dir/PLATFORM_SIZE_OF_LONG_DOUBLE.c.o  -o cmTC_5bac4 -rdynamic 
make[1]: Leaving directory '/home/korivi/model_car/ecl_lib/build/CMakeFiles/CMakeTmp'


Determining size of unsigned short passed with the following output:
Change Dir: /home/korivi/model_car/ecl_lib/build/CMakeFiles/CMakeTmp

Run Build Command:"/usr/bin/make" "cmTC_94fcb/fast"
/usr/bin/make -f CMakeFiles/cmTC_94fcb.dir/build.make CMakeFiles/cmTC_94fcb.dir/build
make[1]: Entering directory '/home/korivi/model_car/ecl_lib/build/CMakeFiles/CMakeTmp'
Building C object CMakeFiles/cmTC_94fcb.dir/CMAKE_SIZEOF_UNSIGNED_SHORT.c.o
/usr/bin/cc     -o CMakeFiles/cmTC_94fcb.dir/CMAKE_SIZEOF_UNSIGNED_SHORT.c.o   -c /home/korivi/model_car/ecl_lib/build/CMakeFiles/CheckTypeSize/CMAKE_SIZEOF_UNSIGNED_SHORT.c
Linking C executable cmTC_94fcb
/usr/bin/cmake -E cmake_link_script CMakeFiles/cmTC_94fcb.dir/link.txt --verbose=1
/usr/bin/cc       CMakeFiles/cmTC_94fcb.dir/CMAKE_SIZEOF_UNSIGNED_SHORT.c.o  -o cmTC_94fcb -rdynamic 
make[1]: Leaving directory '/home/korivi/model_car/ecl_lib/build/CMakeFiles/CMakeTmp'


Performing C++ SOURCE FILE Test CXX11_COMPILER_FOUND succeeded with the following output:
Change Dir: /home/korivi/model_car/ecl_lib/build/CMakeFiles/CMakeTmp

Run Build Command:"/usr/bin/make" "cmTC_e645f/fast"
/usr/bin/make -f CMakeFiles/cmTC_e645f.dir/build.make CMakeFiles/cmTC_e645f.dir/build
make[1]: Entering directory '/home/korivi/model_car/ecl_lib/build/CMakeFiles/CMakeTmp'
Building CXX object CMakeFiles/cmTC_e645f.dir/src.cxx.o
/usr/bin/c++     -DCXX11_COMPILER_FOUND   -std=c++11 -o CMakeFiles/cmTC_e645f.dir/src.cxx.o -c /home/korivi/model_car/ecl_lib/build/CMakeFiles/CMakeTmp/src.cxx
Linking CXX executable cmTC_e645f
/usr/bin/cmake -E cmake_link_script CMakeFiles/cmTC_e645f.dir/link.txt --verbose=1
/usr/bin/c++    -DCXX11_COMPILER_FOUND    CMakeFiles/cmTC_e645f.dir/src.cxx.o  -o cmTC_e645f -rdynamic 
make[1]: Leaving directory '/home/korivi/model_car/ecl_lib/build/CMakeFiles/CMakeTmp'

Source file was:
int main() { return 0; }
