Determining if the pthread_create exist failed with the following output:
Change Dir: /home/korivi/model_car/ecl_lib/build_isolated/ecl_eigen/CMakeFiles/CMakeTmp

Run Build Command:"/usr/bin/make" "cmTC_b2cfb/fast"
/usr/bin/make -f CMakeFiles/cmTC_b2cfb.dir/build.make CMakeFiles/cmTC_b2cfb.dir/build
make[1]: Entering directory '/home/korivi/model_car/ecl_lib/build_isolated/ecl_eigen/CMakeFiles/CMakeTmp'
Building C object CMakeFiles/cmTC_b2cfb.dir/CheckSymbolExists.c.o
/usr/bin/cc     -o CMakeFiles/cmTC_b2cfb.dir/CheckSymbolExists.c.o   -c /home/korivi/model_car/ecl_lib/build_isolated/ecl_eigen/CMakeFiles/CMakeTmp/CheckSymbolExists.c
Linking C executable cmTC_b2cfb
/usr/bin/cmake -E cmake_link_script CMakeFiles/cmTC_b2cfb.dir/link.txt --verbose=1
/usr/bin/cc       CMakeFiles/cmTC_b2cfb.dir/CheckSymbolExists.c.o  -o cmTC_b2cfb -rdynamic 
CMakeFiles/cmTC_b2cfb.dir/CheckSymbolExists.c.o: In function `main':
CheckSymbolExists.c:(.text+0x16): undefined reference to `pthread_create'
collect2: error: ld returned 1 exit status
CMakeFiles/cmTC_b2cfb.dir/build.make:97: recipe for target 'cmTC_b2cfb' failed
make[1]: *** [cmTC_b2cfb] Error 1
make[1]: Leaving directory '/home/korivi/model_car/ecl_lib/build_isolated/ecl_eigen/CMakeFiles/CMakeTmp'
Makefile:126: recipe for target 'cmTC_b2cfb/fast' failed
make: *** [cmTC_b2cfb/fast] Error 2

File /home/korivi/model_car/ecl_lib/build_isolated/ecl_eigen/CMakeFiles/CMakeTmp/CheckSymbolExists.c:
/* */
#include <pthread.h>

int main(int argc, char** argv)
{
  (void)argv;
#ifndef pthread_create
  return ((int*)(&pthread_create))[argc];
#else
  (void)argc;
  return 0;
#endif
}

Determining if the function pthread_create exists in the pthreads failed with the following output:
Change Dir: /home/korivi/model_car/ecl_lib/build_isolated/ecl_eigen/CMakeFiles/CMakeTmp

Run Build Command:"/usr/bin/make" "cmTC_01aed/fast"
/usr/bin/make -f CMakeFiles/cmTC_01aed.dir/build.make CMakeFiles/cmTC_01aed.dir/build
make[1]: Entering directory '/home/korivi/model_car/ecl_lib/build_isolated/ecl_eigen/CMakeFiles/CMakeTmp'
Building C object CMakeFiles/cmTC_01aed.dir/CheckFunctionExists.c.o
/usr/bin/cc    -DCHECK_FUNCTION_EXISTS=pthread_create   -o CMakeFiles/cmTC_01aed.dir/CheckFunctionExists.c.o   -c /usr/share/cmake-3.5/Modules/CheckFunctionExists.c
Linking C executable cmTC_01aed
/usr/bin/cmake -E cmake_link_script CMakeFiles/cmTC_01aed.dir/link.txt --verbose=1
/usr/bin/cc   -DCHECK_FUNCTION_EXISTS=pthread_create    CMakeFiles/cmTC_01aed.dir/CheckFunctionExists.c.o  -o cmTC_01aed -rdynamic -lpthreads 
/usr/bin/ld: cannot find -lpthreads
collect2: error: ld returned 1 exit status
CMakeFiles/cmTC_01aed.dir/build.make:97: recipe for target 'cmTC_01aed' failed
make[1]: *** [cmTC_01aed] Error 1
make[1]: Leaving directory '/home/korivi/model_car/ecl_lib/build_isolated/ecl_eigen/CMakeFiles/CMakeTmp'
Makefile:126: recipe for target 'cmTC_01aed/fast' failed
make: *** [cmTC_01aed/fast] Error 2


