Determining if the pthread_create exist failed with the following output:
Change Dir: /home/korivi/model_car/ecl_lib/build_isolated/ecl_command_line/CMakeFiles/CMakeTmp

Run Build Command:"/usr/bin/make" "cmTC_16e3d/fast"
/usr/bin/make -f CMakeFiles/cmTC_16e3d.dir/build.make CMakeFiles/cmTC_16e3d.dir/build
make[1]: Entering directory '/home/korivi/model_car/ecl_lib/build_isolated/ecl_command_line/CMakeFiles/CMakeTmp'
Building C object CMakeFiles/cmTC_16e3d.dir/CheckSymbolExists.c.o
/usr/bin/cc     -o CMakeFiles/cmTC_16e3d.dir/CheckSymbolExists.c.o   -c /home/korivi/model_car/ecl_lib/build_isolated/ecl_command_line/CMakeFiles/CMakeTmp/CheckSymbolExists.c
Linking C executable cmTC_16e3d
/usr/bin/cmake -E cmake_link_script CMakeFiles/cmTC_16e3d.dir/link.txt --verbose=1
/usr/bin/cc       CMakeFiles/cmTC_16e3d.dir/CheckSymbolExists.c.o  -o cmTC_16e3d -rdynamic 
CMakeFiles/cmTC_16e3d.dir/CheckSymbolExists.c.o: In function `main':
CheckSymbolExists.c:(.text+0x16): undefined reference to `pthread_create'
collect2: error: ld returned 1 exit status
CMakeFiles/cmTC_16e3d.dir/build.make:97: recipe for target 'cmTC_16e3d' failed
make[1]: *** [cmTC_16e3d] Error 1
make[1]: Leaving directory '/home/korivi/model_car/ecl_lib/build_isolated/ecl_command_line/CMakeFiles/CMakeTmp'
Makefile:126: recipe for target 'cmTC_16e3d/fast' failed
make: *** [cmTC_16e3d/fast] Error 2

File /home/korivi/model_car/ecl_lib/build_isolated/ecl_command_line/CMakeFiles/CMakeTmp/CheckSymbolExists.c:
/* */
#include <pthread.h>

int main(int argc, char** argv)
{
  (void)argv;
#ifndef pthread_create
  return ((int*)(&pthread_create))[argc];
#else
  (void)argc;
  return 0;
#endif
}

Determining if the function pthread_create exists in the pthreads failed with the following output:
Change Dir: /home/korivi/model_car/ecl_lib/build_isolated/ecl_command_line/CMakeFiles/CMakeTmp

Run Build Command:"/usr/bin/make" "cmTC_9b31a/fast"
/usr/bin/make -f CMakeFiles/cmTC_9b31a.dir/build.make CMakeFiles/cmTC_9b31a.dir/build
make[1]: Entering directory '/home/korivi/model_car/ecl_lib/build_isolated/ecl_command_line/CMakeFiles/CMakeTmp'
Building C object CMakeFiles/cmTC_9b31a.dir/CheckFunctionExists.c.o
/usr/bin/cc    -DCHECK_FUNCTION_EXISTS=pthread_create   -o CMakeFiles/cmTC_9b31a.dir/CheckFunctionExists.c.o   -c /usr/share/cmake-3.5/Modules/CheckFunctionExists.c
Linking C executable cmTC_9b31a
/usr/bin/cmake -E cmake_link_script CMakeFiles/cmTC_9b31a.dir/link.txt --verbose=1
/usr/bin/cc   -DCHECK_FUNCTION_EXISTS=pthread_create    CMakeFiles/cmTC_9b31a.dir/CheckFunctionExists.c.o  -o cmTC_9b31a -rdynamic -lpthreads 
/usr/bin/ld: cannot find -lpthreads
collect2: error: ld returned 1 exit status
CMakeFiles/cmTC_9b31a.dir/build.make:97: recipe for target 'cmTC_9b31a' failed
make[1]: *** [cmTC_9b31a] Error 1
make[1]: Leaving directory '/home/korivi/model_car/ecl_lib/build_isolated/ecl_command_line/CMakeFiles/CMakeTmp'
Makefile:126: recipe for target 'cmTC_9b31a/fast' failed
make: *** [cmTC_9b31a/fast] Error 2


