Determining if the pthread_create exist failed with the following output:
Change Dir: /home/korivi/model_car/ecl_lib/build_isolated/ecl_streams/CMakeFiles/CMakeTmp

Run Build Command:"/usr/bin/make" "cmTC_92c40/fast"
/usr/bin/make -f CMakeFiles/cmTC_92c40.dir/build.make CMakeFiles/cmTC_92c40.dir/build
make[1]: Entering directory '/home/korivi/model_car/ecl_lib/build_isolated/ecl_streams/CMakeFiles/CMakeTmp'
Building C object CMakeFiles/cmTC_92c40.dir/CheckSymbolExists.c.o
/usr/bin/cc     -o CMakeFiles/cmTC_92c40.dir/CheckSymbolExists.c.o   -c /home/korivi/model_car/ecl_lib/build_isolated/ecl_streams/CMakeFiles/CMakeTmp/CheckSymbolExists.c
Linking C executable cmTC_92c40
/usr/bin/cmake -E cmake_link_script CMakeFiles/cmTC_92c40.dir/link.txt --verbose=1
/usr/bin/cc       CMakeFiles/cmTC_92c40.dir/CheckSymbolExists.c.o  -o cmTC_92c40 -rdynamic 
CMakeFiles/cmTC_92c40.dir/CheckSymbolExists.c.o: In function `main':
CheckSymbolExists.c:(.text+0x16): undefined reference to `pthread_create'
collect2: error: ld returned 1 exit status
CMakeFiles/cmTC_92c40.dir/build.make:97: recipe for target 'cmTC_92c40' failed
make[1]: *** [cmTC_92c40] Error 1
make[1]: Leaving directory '/home/korivi/model_car/ecl_lib/build_isolated/ecl_streams/CMakeFiles/CMakeTmp'
Makefile:126: recipe for target 'cmTC_92c40/fast' failed
make: *** [cmTC_92c40/fast] Error 2

File /home/korivi/model_car/ecl_lib/build_isolated/ecl_streams/CMakeFiles/CMakeTmp/CheckSymbolExists.c:
/* */
#include <pthread.h>

int main(int argc, char** argv)
{
  (void)argv;
#ifndef pthread_create
  return ((int*)(&pthread_create))[argc];
#else
  (void)argc;
  return 0;
#endif
}

Determining if the function pthread_create exists in the pthreads failed with the following output:
Change Dir: /home/korivi/model_car/ecl_lib/build_isolated/ecl_streams/CMakeFiles/CMakeTmp

Run Build Command:"/usr/bin/make" "cmTC_ee09f/fast"
/usr/bin/make -f CMakeFiles/cmTC_ee09f.dir/build.make CMakeFiles/cmTC_ee09f.dir/build
make[1]: Entering directory '/home/korivi/model_car/ecl_lib/build_isolated/ecl_streams/CMakeFiles/CMakeTmp'
Building C object CMakeFiles/cmTC_ee09f.dir/CheckFunctionExists.c.o
/usr/bin/cc    -DCHECK_FUNCTION_EXISTS=pthread_create   -o CMakeFiles/cmTC_ee09f.dir/CheckFunctionExists.c.o   -c /usr/share/cmake-3.5/Modules/CheckFunctionExists.c
Linking C executable cmTC_ee09f
/usr/bin/cmake -E cmake_link_script CMakeFiles/cmTC_ee09f.dir/link.txt --verbose=1
/usr/bin/cc   -DCHECK_FUNCTION_EXISTS=pthread_create    CMakeFiles/cmTC_ee09f.dir/CheckFunctionExists.c.o  -o cmTC_ee09f -rdynamic -lpthreads 
/usr/bin/ld: cannot find -lpthreads
collect2: error: ld returned 1 exit status
CMakeFiles/cmTC_ee09f.dir/build.make:97: recipe for target 'cmTC_ee09f' failed
make[1]: *** [cmTC_ee09f] Error 1
make[1]: Leaving directory '/home/korivi/model_car/ecl_lib/build_isolated/ecl_streams/CMakeFiles/CMakeTmp'
Makefile:126: recipe for target 'cmTC_ee09f/fast' failed
make: *** [cmTC_ee09f/fast] Error 2


