Determining if the pthread_create exist failed with the following output:
Change Dir: /home/korivi/model_car/ecl_lib/build_isolated/ecl_mpl/CMakeFiles/CMakeTmp

Run Build Command:"/usr/bin/make" "cmTC_5c881/fast"
/usr/bin/make -f CMakeFiles/cmTC_5c881.dir/build.make CMakeFiles/cmTC_5c881.dir/build
make[1]: Entering directory '/home/korivi/model_car/ecl_lib/build_isolated/ecl_mpl/CMakeFiles/CMakeTmp'
Building C object CMakeFiles/cmTC_5c881.dir/CheckSymbolExists.c.o
/usr/bin/cc     -o CMakeFiles/cmTC_5c881.dir/CheckSymbolExists.c.o   -c /home/korivi/model_car/ecl_lib/build_isolated/ecl_mpl/CMakeFiles/CMakeTmp/CheckSymbolExists.c
Linking C executable cmTC_5c881
/usr/bin/cmake -E cmake_link_script CMakeFiles/cmTC_5c881.dir/link.txt --verbose=1
/usr/bin/cc       CMakeFiles/cmTC_5c881.dir/CheckSymbolExists.c.o  -o cmTC_5c881 -rdynamic 
CMakeFiles/cmTC_5c881.dir/CheckSymbolExists.c.o: In function `main':
CheckSymbolExists.c:(.text+0x16): undefined reference to `pthread_create'
collect2: error: ld returned 1 exit status
CMakeFiles/cmTC_5c881.dir/build.make:97: recipe for target 'cmTC_5c881' failed
make[1]: *** [cmTC_5c881] Error 1
make[1]: Leaving directory '/home/korivi/model_car/ecl_lib/build_isolated/ecl_mpl/CMakeFiles/CMakeTmp'
Makefile:126: recipe for target 'cmTC_5c881/fast' failed
make: *** [cmTC_5c881/fast] Error 2

File /home/korivi/model_car/ecl_lib/build_isolated/ecl_mpl/CMakeFiles/CMakeTmp/CheckSymbolExists.c:
/* */
#include <pthread.h>

int main(int argc, char** argv)
{
  (void)argv;
#ifndef pthread_create
  return ((int*)(&pthread_create))[argc];
#else
  (void)argc;
  return 0;
#endif
}

Determining if the function pthread_create exists in the pthreads failed with the following output:
Change Dir: /home/korivi/model_car/ecl_lib/build_isolated/ecl_mpl/CMakeFiles/CMakeTmp

Run Build Command:"/usr/bin/make" "cmTC_e8650/fast"
/usr/bin/make -f CMakeFiles/cmTC_e8650.dir/build.make CMakeFiles/cmTC_e8650.dir/build
make[1]: Entering directory '/home/korivi/model_car/ecl_lib/build_isolated/ecl_mpl/CMakeFiles/CMakeTmp'
Building C object CMakeFiles/cmTC_e8650.dir/CheckFunctionExists.c.o
/usr/bin/cc    -DCHECK_FUNCTION_EXISTS=pthread_create   -o CMakeFiles/cmTC_e8650.dir/CheckFunctionExists.c.o   -c /usr/share/cmake-3.5/Modules/CheckFunctionExists.c
Linking C executable cmTC_e8650
/usr/bin/cmake -E cmake_link_script CMakeFiles/cmTC_e8650.dir/link.txt --verbose=1
/usr/bin/cc   -DCHECK_FUNCTION_EXISTS=pthread_create    CMakeFiles/cmTC_e8650.dir/CheckFunctionExists.c.o  -o cmTC_e8650 -rdynamic -lpthreads 
/usr/bin/ld: cannot find -lpthreads
collect2: error: ld returned 1 exit status
CMakeFiles/cmTC_e8650.dir/build.make:97: recipe for target 'cmTC_e8650' failed
make[1]: *** [cmTC_e8650] Error 1
make[1]: Leaving directory '/home/korivi/model_car/ecl_lib/build_isolated/ecl_mpl/CMakeFiles/CMakeTmp'
Makefile:126: recipe for target 'cmTC_e8650/fast' failed
make: *** [cmTC_e8650/fast] Error 2


